INFO:numexpr.utils:NumExpr defaulting to 8 threads.
INFO:root:Insufficient data for ZY.
INFO:root:Insufficient data for ATTW.
INFO:numexpr.utils:NumExpr defaulting to 8 threads.
INFO:root:Insufficient data for FBS.
INFO:numexpr.utils:NumExpr defaulting to 8 threads.
INFO:root:Successfully retrieve MA's data.
INFO:root:Insufficient data for MWD.
INFO:root:Insufficient data for SNSTA.
INFO:root:Insufficient data for MHS.
INFO:root:Successfully retrieve CBRE's data.
INFO:root:Successfully retrieve HD's data.
INFO:root:Successfully retrieve F's data.
INFO:root:Successfully retrieve GRMN's data.
INFO:root:Successfully retrieve PDCO's data.
INFO:root:Successfully retrieve PEP's data.
INFO:root:Successfully retrieve IP's data.
INFO:root:Successfully retrieve MRK's data.
INFO:root:Successfully retrieve ETR's data.
INFO:root:Successfully retrieve HRL's data.
INFO:root:Successfully retrieve MCD's data.
INFO:root:Insufficient data for CELG.
INFO:root:Insufficient data for LOMK.
INFO:root:Successfully retrieve CDB's data.
INFO:root:Successfully retrieve PNC's data.
INFO:root:Insufficient data for XON.
INFO:root:Insufficient data for MALTZ.
INFO:root:Insufficient data for CMGT.
INFO:root:Insufficient data for LNX.
INFO:root:Insufficient data for DELL.
INFO:root:Successfully retrieve HOG's data.
INFO:root:Successfully retrieve ITW's data.
INFO:root:Successfully retrieve AMG's data.
INFO:root:Successfully retrieve XEL's data.
INFO:root:Successfully retrieve ACR's data.
INFO:root:Insufficient data for FOX.
INFO:root:Insufficient data for ACMS.
INFO:root:Insufficient data for NVL.
INFO:root:Successfully retrieve DOV's data.
INFO:root:Successfully retrieve MDT's data.
INFO:root:Insufficient data for PLL.
INFO:root:Successfully retrieve VRSN's data.
INFO:root:Successfully retrieve WPI's data.
INFO:root:Successfully retrieve HES's data.
INFO:root:Successfully retrieve DVA's data.
INFO:root:Insufficient data for ACCOB.
INFO:root:Insufficient data for FD.
INFO:root:Insufficient data for DV.
INFO:root:Successfully retrieve C's data.
INFO:root:Successfully retrieve CDIC's data.
INFO:root:Successfully retrieve NI's data.
INFO:root:Insufficient data for ZMH.
INFO:root:Insufficient data for PHBK.
INFO:root:Successfully retrieve REI's data.
INFO:root:Successfully retrieve AAPL's data.
INFO:root:Successfully retrieve CLX's data.
INFO:root:Successfully retrieve AMZN's data.
INFO:root:Successfully retrieve INTC's data.
INFO:root:Successfully retrieve BDX's data.
