INFO:root:Insufficient data for PSG.
INFO:numexpr.utils:NumExpr defaulting to 8 threads.
INFO:root:Successfully retrieve NKE's data.
INFO:root:Successfully retrieve DDS's data.
INFO:root:Successfully retrieve IPG's data.
INFO:root:Successfully retrieve LLY's data.
INFO:root:Successfully retrieve MTG's data.
INFO:root:Insufficient data for NAVI.
INFO:root:Successfully retrieve WY's data.
INFO:root:Insufficient data for SEQ.
INFO:root:Successfully retrieve CI's data.
INFO:root:Successfully retrieve PLU's data.
INFO:root:Successfully retrieve WTR's data.
INFO:root:Successfully retrieve EBAY's data.
INFO:root:Successfully retrieve NCR's data.
INFO:root:Successfully retrieve AON's data.
INFO:root:Successfully retrieve CCEP's data.
INFO:root:Successfully retrieve NSP's data.
INFO:root:Successfully retrieve CSCO's data.
INFO:root:Insufficient data for CHHC.
INFO:root:Successfully retrieve EIX's data.
INFO:root:Successfully retrieve IAC's data.
INFO:root:Successfully retrieve AZO's data.
INFO:root:Successfully retrieve QEP's data.
INFO:root:Successfully retrieve CMA's data.
INFO:root:Successfully retrieve CF's data.
INFO:root:Insufficient data for GGP.
INFO:root:Insufficient data for COH.
INFO:root:Successfully retrieve A's data.
INFO:root:Successfully retrieve URI's data.
INFO:root:Successfully retrieve MHK's data.
INFO:root:Insufficient data for CCE.
INFO:root:Successfully retrieve CTL's data.
INFO:root:Successfully retrieve TMO's data.
INFO:root:Successfully retrieve HRB's data.
INFO:root:Successfully retrieve TERX's data.
INFO:root:Insufficient data for NH.
INFO:root:Successfully retrieve MEC's data.
INFO:root:Successfully retrieve DISCB's data.
INFO:root:Insufficient data for DENRF.
INFO:root:Successfully retrieve MNK's data.
INFO:root:Successfully retrieve AKAM's data.
INFO:root:Successfully retrieve APH's data.
INFO:root:Insufficient data for RHT.
INFO:root:Successfully retrieve BKNG's data.
INFO:root:Insufficient data for OMCM.
INFO:root:Successfully retrieve LNC's data.
INFO:root:Successfully retrieve CAG's data.
INFO:root:Insufficient data for FTEN.
INFO:root:Insufficient data for ZY.
INFO:root:Insufficient data for ATTW.
INFO:root:Successfully retrieve HD's data.
INFO:root:Successfully retrieve GRMN's data.
INFO:root:Successfully retrieve IP's data.
INFO:root:Successfully retrieve MCD's data.
INFO:root:Successfully retrieve CELG's data.
INFO:root:Insufficient data for LOMK.
INFO:root:Insufficient data for CDB.
INFO:root:Successfully retrieve ITW's data.
INFO:root:Successfully retrieve DOV's data.
INFO:root:Successfully retrieve VRSN's data.
INFO:root:Successfully retrieve C's data.
INFO:root:Successfully retrieve AAPL's data.
INFO:root:Successfully retrieve BDX's data.
INFO:root:Successfully retrieve HON's data.
INFO:root:Successfully retrieve AIV's data.
INFO:root:Successfully retrieve FITB's data.
INFO:root:Successfully retrieve MKC's data.
INFO:root:Insufficient data for COPI.
INFO:root:Insufficient data for JEFG.
INFO:root:Successfully retrieve NB's data.
INFO:root:Insufficient data for COVI.
INFO:root:Successfully retrieve APTV's data.
INFO:root:Insufficient data for MKN.
INFO:root:Successfully retrieve AME's data.
INFO:root:Insufficient data for NOBE.
INFO:root:Successfully retrieve PVH's data.
INFO:root:Successfully retrieve CGCO's data.
INFO:root:Successfully retrieve CIEN's data.
INFO:root:Successfully retrieve ZBH's data.
INFO:root:Successfully retrieve AES's data.
INFO:root:Successfully retrieve X's data.
INFO:root:Successfully retrieve MLM's data.
INFO:root:Successfully retrieve HIG's data.
INFO:root:Insufficient data for NIKE.
INFO:root:Successfully retrieve VZ's data.
INFO:root:Successfully retrieve XLNX's data.
INFO:root:Insufficient data for RWIN.
INFO:root:Successfully retrieve SLB's data.
INFO:root:Successfully retrieve EW's data.
INFO:root:Successfully retrieve WM's data.
INFO:root:Successfully retrieve ACL's data.
INFO:root:Insufficient data for TYC.
INFO:root:Successfully retrieve JWN's data.
INFO:root:Insufficient data for CBG.
INFO:root:Successfully retrieve ETFC's data.
INFO:root:Successfully retrieve RLGY's data.
INFO:root:Insufficient data for BEL.
INFO:root:Successfully retrieve SWN's data.
INFO:root:Successfully retrieve UTX's data.
INFO:root:Successfully retrieve GWW's data.
INFO:root:Successfully retrieve DNR's data.
INFO:root:Successfully retrieve ORCL's data.
INFO:root:Successfully retrieve RIG's data.
INFO:root:Successfully retrieve S's data.
INFO:root:Insufficient data for HFSB.
INFO:root:Successfully retrieve NWSA's data.
INFO:root:Successfully retrieve CMCSA's data.
INFO:root:Successfully retrieve SHW's data.
INFO:root:Successfully retrieve COL's data.
INFO:root:Successfully retrieve SRCL's data.
INFO:root:Successfully retrieve NBL's data.
INFO:root:Successfully retrieve DHR's data.
INFO:root:Insufficient data for CBRNA.
INFO:root:Insufficient data for GFR.
INFO:root:Successfully retrieve PSX's data.
INFO:root:Successfully retrieve SRL's data.
INFO:root:Successfully retrieve SPK's data.
INFO:root:Insufficient data for OEC.
INFO:root:Successfully retrieve CDG's data.
INFO:root:Insufficient data for ABI.
INFO:root:Successfully retrieve MRO's data.
INFO:root:Successfully retrieve VLO's data.
INFO:root:Successfully retrieve SPGI's data.
INFO:root:Successfully retrieve NOB's data.
INFO:root:Successfully retrieve MPC's data.
INFO:root:Insufficient data for MHP.
INFO:root:Successfully retrieve PRU's data.
INFO:root:Insufficient data for SHRE.
INFO:root:Insufficient data for NU.
INFO:root:Successfully retrieve SANM's data.
INFO:root:Successfully retrieve CRM's data.
INFO:root:Successfully retrieve CHRW's data.
INFO:root:Insufficient data for CTA.
INFO:root:Successfully retrieve L's data.
INFO:root:Successfully retrieve IFF's data.
INFO:root:Successfully retrieve BPR's data.
INFO:root:Successfully retrieve VAR's data.
INFO:root:Successfully retrieve WYND's data.
INFO:root:Insufficient data for WLP.
INFO:root:Successfully retrieve CAT's data.
INFO:root:Insufficient data for FBS.
INFO:root:Successfully retrieve MA's data.
INFO:root:Insufficient data for MWD.
INFO:root:Insufficient data for SNSTA.
INFO:root:Insufficient data for MHS.
INFO:root:Successfully retrieve CBRE's data.
INFO:root:Successfully retrieve PDCO's data.
INFO:root:Successfully retrieve MRK's data.
INFO:root:Successfully retrieve HRL's data.
INFO:root:Successfully retrieve HOG's data.
INFO:root:Successfully retrieve AMG's data.
INFO:root:Successfully retrieve MDT's data.
INFO:root:Insufficient data for PLL.
INFO:root:Successfully retrieve WPI's data.
INFO:root:Successfully retrieve DVA's data.
INFO:root:Insufficient data for ACCOB.
INFO:root:Insufficient data for FD.
INFO:root:Insufficient data for DV.
INFO:root:Successfully retrieve CDIC's data.
INFO:root:Successfully retrieve CLX's data.
INFO:root:Successfully retrieve AMZN's data.
INFO:root:Successfully retrieve CU's data.
INFO:root:Insufficient data for ZMX.
INFO:root:Successfully retrieve ADP's data.
INFO:root:Successfully retrieve APD's data.
INFO:root:Successfully retrieve DE's data.
INFO:root:Successfully retrieve HLT's data.
INFO:root:Successfully retrieve SO's data.
INFO:root:Insufficient data for ROC.
INFO:root:Insufficient data for ODEP.
INFO:root:Successfully retrieve WMB's data.
INFO:root:Successfully retrieve STX's data.
INFO:root:Insufficient data for MOHK.
INFO:root:Successfully retrieve SPG's data.
INFO:root:Successfully retrieve DISCK's data.
INFO:root:Insufficient data for UNPH.
INFO:root:Successfully retrieve HP's data.
INFO:root:Successfully retrieve MON's data.
INFO:root:Successfully retrieve KLAC's data.
INFO:root:Successfully retrieve GIS's data.
INFO:root:Insufficient data for ATM.
INFO:root:Successfully retrieve JBL's data.
INFO:root:Insufficient data for MCCRK.
INFO:root:Insufficient data for AVGP.
INFO:root:Successfully retrieve VFC's data.
INFO:root:Insufficient data for TRCO.
INFO:root:Insufficient data for BYA.
INFO:root:Successfully retrieve DG's data.
INFO:root:Successfully retrieve GL's data.
INFO:root:Insufficient data for ATUS.
INFO:root:Successfully retrieve JCP's data.
INFO:root:Insufficient data for CBRNB.
INFO:root:Successfully retrieve CZR's data.
INFO:root:Successfully retrieve EXPD's data.
INFO:root:Successfully retrieve HUM's data.
INFO:root:Successfully retrieve AEL's data.
INFO:root:Insufficient data for SBC.
INFO:root:Successfully retrieve T's data.
INFO:root:Insufficient data for PE.
INFO:root:Successfully retrieve ET's data.
INFO:root:Successfully retrieve CCL's data.
INFO:root:Insufficient data for CFIP.
INFO:root:Successfully retrieve TGNA's data.
INFO:root:Successfully retrieve ALL's data.
INFO:root:Successfully retrieve M's data.
INFO:root:Insufficient data for CUCD.
INFO:root:Insufficient data for ACT.
INFO:root:Insufficient data for WYN.
INFO:root:Successfully retrieve GME's data.
INFO:root:Successfully retrieve IRM's data.
INFO:root:Successfully retrieve EOG's data.
INFO:root:Successfully retrieve STA's data.
INFO:root:Insufficient data for TMPW.
INFO:root:Insufficient data for BTU.
INFO:root:Insufficient data for IACI.
INFO:root:Successfully retrieve NAV's data.
INFO:root:Successfully retrieve CSC's data.
INFO:root:Successfully retrieve LTR's data.
INFO:root:Successfully retrieve ED's data.
INFO:root:Successfully retrieve NTAP's data.
INFO:root:Successfully retrieve SWK's data.
INFO:root:Insufficient data for SGIB.
INFO:root:Successfully retrieve DAN's data.
INFO:root:Successfully retrieve KMX's data.
INFO:root:Successfully retrieve PNR's data.
INFO:root:Insufficient data for MWP.
INFO:root:Insufficient data for BUTL.
INFO:root:Insufficient data for DNY.
INFO:root:Successfully retrieve GOOGL's data.
INFO:root:Successfully retrieve RHI's data.
INFO:root:Insufficient data for NVCR.
INFO:root:Successfully retrieve SAI's data.
INFO:root:Successfully retrieve LMT's data.
INFO:root:Successfully retrieve OKE's data.
INFO:root:Successfully retrieve DD's data.
INFO:root:Successfully retrieve CHK's data.
INFO:root:Successfully retrieve GE's data.
INFO:root:Successfully retrieve AOC's data.
INFO:root:Successfully retrieve F's data.
INFO:root:Successfully retrieve PEP's data.
INFO:root:Successfully retrieve ETR's data.
INFO:root:Successfully retrieve PNC's data.
INFO:root:Successfully retrieve XON's data.
INFO:root:Insufficient data for MALTZ.
INFO:root:Insufficient data for CMGT.
INFO:root:Insufficient data for LNX.
INFO:root:Insufficient data for DELL.
INFO:root:Successfully retrieve XEL's data.
INFO:root:Successfully retrieve ACR's data.
INFO:root:Insufficient data for FOX.
INFO:root:Insufficient data for ACMS.
INFO:root:Insufficient data for NVL.
INFO:root:Successfully retrieve HES's data.
INFO:root:Successfully retrieve NI's data.
INFO:root:Insufficient data for ZMH.
INFO:root:Insufficient data for PHBK.
INFO:root:Successfully retrieve REI's data.
INFO:root:Successfully retrieve INTC's data.
INFO:root:Successfully retrieve BC's data.
INFO:root:Insufficient data for APC.
INFO:root:Insufficient data for AESC.
INFO:root:Insufficient data for NOVO.
INFO:root:Successfully retrieve FPL's data.
INFO:root:Successfully retrieve FAST's data.
INFO:root:Successfully retrieve SYY's data.
INFO:root:Successfully retrieve RAIL's data.
INFO:root:Successfully retrieve TSCO's data.
INFO:root:Successfully retrieve AIZ's data.
INFO:root:Successfully retrieve CVS's data.
INFO:root:Insufficient data for HANS.
INFO:root:Successfully retrieve MAS's data.
INFO:root:Successfully retrieve SCHW's data.
INFO:root:Successfully retrieve WMT's data.
INFO:root:Successfully retrieve VIAB's data.
INFO:root:Successfully retrieve CAR's data.
INFO:root:Insufficient data for UHSI.
INFO:root:Successfully retrieve CTB's data.
INFO:root:Insufficient data for ASHC.
INFO:root:Successfully retrieve AHC's data.
INFO:root:Insufficient data for KHC.
INFO:root:Successfully retrieve CSX's data.
INFO:root:Successfully retrieve MET's data.
INFO:root:Successfully retrieve EA's data.
INFO:root:Successfully retrieve CL's data.
INFO:root:Successfully retrieve WHR's data.
INFO:root:Successfully retrieve EPHC's data.
INFO:root:Insufficient data for DH.
INFO:root:Successfully retrieve ANTM's data.
INFO:root:Successfully retrieve ADBE's data.
INFO:root:Insufficient data for SGI.
INFO:root:Successfully retrieve PDP's data.
INFO:root:Successfully retrieve MAC's data.
INFO:root:Successfully retrieve MS's data.
INFO:root:Successfully retrieve CUM's data.
INFO:root:Insufficient data for JBIL.
INFO:root:Insufficient data for AIH.
INFO:root:Insufficient data for EGG.
INFO:root:Successfully retrieve ECL's data.
INFO:root:Successfully retrieve ETN's data.
INFO:root:Successfully retrieve PGR's data.
INFO:root:Successfully retrieve LDOS's data.
INFO:root:Successfully retrieve ADI's data.
INFO:root:Successfully retrieve ABC's data.
INFO:root:Successfully retrieve SJM's data.
INFO:root:Successfully retrieve ROK's data.
INFO:root:Insufficient data for WAG.
INFO:root:Successfully retrieve CHV's data.
INFO:root:Successfully retrieve GILD's data.
INFO:root:Successfully retrieve ROP's data.
INFO:root:Successfully retrieve CLF's data.
INFO:root:Successfully retrieve NYT's data.
INFO:root:Successfully retrieve EXPE's data.
INFO:root:Insufficient data for AQS.
INFO:root:Successfully retrieve PM's data.
INFO:root:Successfully retrieve NTRS's data.
INFO:root:Successfully retrieve PFG's data.
INFO:root:Successfully retrieve AMP's data.
INFO:root:Insufficient data for ACE.
INFO:root:Successfully retrieve NEM's data.
INFO:root:Insufficient data for WAMU.
INFO:root:Insufficient data for FDC.
INFO:root:Insufficient data for MCRN.
INFO:root:Successfully retrieve AMBC's data.
INFO:root:Successfully retrieve NBR's data.
INFO:root:Insufficient data for DOLR.
INFO:root:Successfully retrieve LPX's data.
INFO:root:Insufficient data for DTV.
INFO:root:Insufficient data for DVRY.
INFO:root:Insufficient data for ITG.
INFO:root:Insufficient data for WLBC.
INFO:root:Successfully retrieve NOV's data.
INFO:root:Successfully retrieve AAS's data.
INFO:root:Insufficient data for STRY.
INFO:root:Insufficient data for PITLF.
INFO:root:Successfully retrieve PFE's data.
INFO:root:Successfully retrieve TEL's data.
INFO:root:Successfully retrieve LH's data.
INFO:root:Successfully retrieve XYL's data.
INFO:root:Successfully retrieve AIF's data.
INFO:root:Successfully retrieve DVN's data.
INFO:root:Insufficient data for SCN.
INFO:root:Successfully retrieve LMC's data.
INFO:root:Successfully retrieve MEE's data.
INFO:root:Successfully retrieve ISRG's data.
INFO:root:Successfully retrieve MD's data.
INFO:root:Insufficient data for BNK.
INFO:root:Successfully retrieve MNST's data.
INFO:root:Successfully retrieve UW's data.
INFO:root:Successfully retrieve MMC's data.
INFO:root:Successfully retrieve DUK's data.
INFO:root:Insufficient data for NDCO.
INFO:root:Successfully retrieve EQT's data.
INFO:root:Insufficient data for ESV.
INFO:root:Insufficient data for RDC.
INFO:root:Successfully retrieve FLIR's data.
INFO:root:Successfully retrieve KO's data.
INFO:root:Successfully retrieve TROW's data.
INFO:root:Successfully retrieve CTAS's data.
INFO:root:Insufficient data for MSS.
INFO:root:Successfully retrieve GOOG's data.
INFO:root:Successfully retrieve JCI's data.
INFO:root:Insufficient data for SKTV.
INFO:root:Successfully retrieve AMD's data.
INFO:root:Successfully retrieve WYNN's data.
INFO:root:Successfully retrieve COP's data.
INFO:root:Successfully retrieve CB's data.
INFO:root:Insufficient data for BLI.
INFO:root:Successfully retrieve SYK's data.
INFO:root:Successfully retrieve MU's data.
INFO:root:Insufficient data for VCOR.
INFO:root:Successfully retrieve BSX's data.
INFO:root:Insufficient data for LLL.
INFO:root:Successfully retrieve PAR's data.
INFO:root:Successfully retrieve PTC's data.
INFO:root:Insufficient data for PMTC.
INFO:root:Successfully retrieve TSN's data.
INFO:root:Successfully retrieve CZN's data.
INFO:root:Successfully retrieve V's data.
INFO:root:Insufficient data for UEP.
INFO:root:Successfully retrieve DFS's data.
INFO:root:Successfully retrieve KEY's data.
INFO:root:Insufficient data for ERTS.
INFO:root:Successfully retrieve SEE's data.
INFO:root:Successfully retrieve GPS's data.
INFO:root:Successfully retrieve RRD's data.
INFO:root:Successfully retrieve FE's data.
INFO:root:Successfully retrieve CNS's data.
INFO:root:Successfully retrieve TGT's data.
INFO:root:Successfully retrieve MBI's data.
INFO:root:Successfully retrieve FIS's data.
INFO:root:Successfully retrieve TEN's data.
INFO:root:Successfully retrieve NOC's data.
INFO:root:Successfully retrieve VC's data.
INFO:root:Successfully retrieve KNE's data.
INFO:root:Successfully retrieve COST's data.
INFO:root:Insufficient data for PCLN.
INFO:root:Successfully retrieve GLW's data.
INFO:root:Successfully retrieve MOS's data.
INFO:root:Insufficient data for STCX.
INFO:root:Successfully retrieve KODK's data.
INFO:root:Successfully retrieve OMC's data.
INFO:root:Insufficient data for NT.
INFO:root:Successfully retrieve CERN's data.
INFO:root:Insufficient data for WMIH.
INFO:root:Successfully retrieve HSY's data.
INFO:root:Insufficient data for MMTCY.
INFO:root:Successfully retrieve P's data.
INFO:root:Successfully retrieve MO's data.
INFO:root:Successfully retrieve MLSS's data.
INFO:root:Successfully retrieve XEC's data.
INFO:root:Successfully retrieve MCHP's data.
INFO:root:Successfully retrieve SITC's data.
INFO:root:Successfully retrieve OI's data.
INFO:root:Successfully retrieve TRIP's data.
INFO:root:Successfully retrieve STCO's data.
INFO:root:Successfully retrieve FSLR's data.
INFO:root:Successfully retrieve BLL's data.
INFO:root:Successfully retrieve MSFT's data.
INFO:root:Insufficient data for CITU.
INFO:root:Successfully retrieve MAT's data.
INFO:root:Insufficient data for WATS.
INFO:root:Successfully retrieve WDC's data.
INFO:root:Successfully retrieve MSU's data.
INFO:root:Successfully retrieve INTU's data.
INFO:root:Successfully retrieve AVB's data.
INFO:root:Successfully retrieve KMI's data.
INFO:root:Successfully retrieve STT's data.
INFO:root:Successfully retrieve IIN's data.
INFO:root:Successfully retrieve TFC's data.
INFO:root:Insufficient data for KH.
INFO:root:Successfully retrieve WAT's data.
INFO:root:Insufficient data for CHOS.
INFO:root:Successfully retrieve MXM's data.
INFO:root:Insufficient data for RKY.
INFO:root:Insufficient data for HSNI.
INFO:root:Successfully retrieve DRI's data.
INFO:root:Successfully retrieve USB's data.
INFO:root:Successfully retrieve BA's data.
INFO:root:Successfully retrieve JNPR's data.
INFO:root:Insufficient data for MONE.
INFO:root:Successfully retrieve DIS's data.
INFO:root:Insufficient data for MOT.
INFO:root:Successfully retrieve TJX's data.
INFO:root:Successfully retrieve FOSL's data.
INFO:root:Successfully retrieve UAA's data.
INFO:root:Insufficient data for SGM.
INFO:root:Insufficient data for WED.
INFO:root:Insufficient data for NME.
INFO:root:Successfully retrieve FLR's data.
INFO:root:Successfully retrieve IR's data.
INFO:root:Successfully retrieve HBAN's data.
INFO:root:Successfully retrieve QCOM's data.
INFO:root:Successfully retrieve EQR's data.
INFO:root:Successfully retrieve CNX's data.
INFO:root:Successfully retrieve KDP's data.
INFO:root:Successfully retrieve MTB's data.
INFO:root:Insufficient data for CRFC.
INFO:root:Insufficient data for BTM.
INFO:root:Insufficient data for CSPK.
INFO:root:Successfully retrieve MYL's data.
INFO:root:Successfully retrieve PNW's data.
INFO:root:Insufficient data for SCH.
INFO:root:Insufficient data for PCCW.
INFO:root:Successfully retrieve LYB's data.
INFO:root:Successfully retrieve ALT's data.
INFO:root:Insufficient data for LK.
INFO:root:Insufficient data for CCC.
INFO:root:Successfully retrieve MSI's data.
INFO:root:Successfully retrieve PAYX's data.
INFO:root:Successfully retrieve MDP's data.
INFO:root:Successfully retrieve VIAC's data.
INFO:root:Insufficient data for HOU.
INFO:root:Successfully retrieve ITT's data.
INFO:root:Insufficient data for HME.
INFO:root:Insufficient data for HS.
INFO:root:Successfully retrieve NX's data.
INFO:root:Successfully retrieve KBH's data.
INFO:root:Insufficient data for WAND.
INFO:root:Successfully retrieve RL's data.
INFO:root:Successfully retrieve JEF's data.
INFO:root:Successfully retrieve CTSH's data.
INFO:root:Successfully retrieve NFLX's data.
INFO:root:Successfully retrieve DGX's data.
INFO:root:Successfully retrieve CMX's data.
INFO:root:Successfully retrieve MDLZ's data.
INFO:root:Successfully retrieve BAX's data.
INFO:root:Successfully retrieve MUR's data.
INFO:root:Successfully retrieve LOM's data.
INFO:root:Insufficient data for LTD.
INFO:root:Successfully retrieve BIG's data.
INFO:root:Insufficient data for MWHX.
INFO:root:Successfully retrieve EXC's data.
INFO:root:Successfully retrieve CMG's data.
INFO:root:Insufficient data for EGRP.
INFO:root:Successfully retrieve PEG's data.
INFO:root:Insufficient data for HDI.
INFO:root:Successfully retrieve DNB's data.
INFO:root:Insufficient data for IDID.
INFO:root:Insufficient data for LUK.
INFO:root:Insufficient data for PNTA.
INFO:root:Successfully retrieve COFI's data.
INFO:root:Successfully retrieve URBN's data.
INFO:root:Successfully retrieve NHLI's data.
INFO:root:Successfully retrieve CHL's data.
INFO:root:Successfully retrieve CUK's data.
INFO:root:Insufficient data for CEY.
INFO:root:Successfully retrieve ANF's data.
INFO:root:Successfully retrieve AVY's data.
INFO:root:Successfully retrieve ES's data.
INFO:root:Successfully retrieve LEN's data.
INFO:root:Insufficient data for MHFI.
INFO:root:Successfully retrieve ORLY's data.
INFO:root:Successfully retrieve ZION's data.
INFO:root:Successfully retrieve STG's data.
INFO:root:Successfully retrieve GT's data.
INFO:root:Successfully retrieve LB's data.
INFO:root:Successfully retrieve MAR's data.
INFO:root:Successfully retrieve ZTS's data.
INFO:root:Successfully retrieve FFIV's data.
INFO:root:Successfully retrieve EFX's data.
INFO:root:Successfully retrieve ACAD's data.
INFO:root:Insufficient data for NXL.
INFO:root:Insufficient data for RHII.
INFO:root:Insufficient data for ATH.
INFO:root:Successfully retrieve SSP's data.
INFO:root:Insufficient data for RII.
INFO:root:Successfully retrieve BBBY's data.
INFO:root:Successfully retrieve SRC's data.
INFO:root:Successfully retrieve GD's data.
INFO:root:Successfully retrieve MGI's data.
INFO:root:Successfully retrieve UNP's data.
INFO:root:Insufficient data for PLMD.
INFO:root:Successfully retrieve DTE's data.
INFO:root:Successfully retrieve CINF's data.
INFO:root:Successfully retrieve EMN's data.
INFO:root:Successfully retrieve ALD's data.
INFO:root:Successfully retrieve ADS's data.
INFO:root:Successfully retrieve NDAQ's data.
INFO:root:Successfully retrieve PPL's data.
INFO:root:Successfully retrieve MMM's data.
INFO:root:Successfully retrieve SPC's data.
INFO:root:Successfully retrieve PPE's data.
INFO:root:Successfully retrieve CPB's data.
INFO:root:Successfully retrieve NE's data.
INFO:root:Insufficient data for IDPH.
INFO:root:Successfully retrieve BAC's data.
INFO:root:Successfully retrieve CME's data.
INFO:root:Successfully retrieve UHS's data.
INFO:root:Successfully retrieve SNV's data.
INFO:root:Insufficient data for INSP.
INFO:root:Successfully retrieve APA's data.
INFO:root:Successfully retrieve COF's data.
INFO:root:Insufficient data for RMCI.
INFO:root:Successfully retrieve WBA's data.
INFO:root:Successfully retrieve BIIB's data.
INFO:root:Successfully retrieve PG's data.
INFO:root:Successfully retrieve FII's data.
INFO:root:Successfully retrieve PSA's data.
INFO:root:Insufficient data for WEDC.
INFO:root:Successfully retrieve XRX's data.
INFO:root:Successfully retrieve AKS's data.
INFO:root:Successfully retrieve NWS's data.
INFO:root:Successfully retrieve WPX's data.
INFO:root:Successfully retrieve CBS's data.
INFO:root:Successfully retrieve ATI's data.
INFO:root:Successfully retrieve ESS's data.
INFO:root:Successfully retrieve ATGE's data.
INFO:root:Successfully retrieve AVZ's data.
INFO:root:Successfully retrieve TDC's data.
INFO:root:Successfully retrieve AN's data.
INFO:root:Insufficient data for TWRS.
INFO:root:Successfully retrieve DHI's data.
INFO:root:Successfully retrieve DLPH's data.
INFO:root:Successfully retrieve DAL's data.
INFO:root:Successfully retrieve IBM's data.
INFO:root:Successfully retrieve PP's data.
INFO:root:Successfully retrieve HAL's data.
INFO:root:Successfully retrieve NFX's data.
INFO:root:Insufficient data for FRTR.
INFO:root:Successfully retrieve GM's data.
INFO:root:Successfully retrieve NEE's data.
INFO:root:Insufficient data for AMB.
INFO:root:Successfully retrieve RSG's data.
INFO:root:Insufficient data for FOXA.
INFO:root:Insufficient data for UARM.
INFO:root:Successfully retrieve DDR's data.
INFO:root:Insufficient data for TSS.
INFO:root:Successfully retrieve DISCA's data.
INFO:root:Successfully retrieve JNJ's data.
INFO:root:Successfully retrieve GCI's data.
INFO:root:Successfully retrieve CD's data.
INFO:root:Successfully retrieve THC's data.
INFO:root:Insufficient data for CBTB.
INFO:root:Successfully retrieve FLS's data.
INFO:root:Insufficient data for NNEXF.
INFO:root:Insufficient data for KFT.
INFO:root:Successfully retrieve TXT's data.
INFO:root:Successfully retrieve BK's data.
INFO:root:Successfully retrieve FB's data.
INFO:root:Successfully retrieve AMT's data.
INFO:root:Successfully retrieve NLSN's data.
INFO:root:Successfully retrieve PBI's data.
INFO:root:Insufficient data for BKB.
INFO:root:Insufficient data for IMTN.
INFO:root:Insufficient data for AKST.
INFO:root:Successfully retrieve CNP's data.
INFO:root:Successfully retrieve FHN's data.
INFO:root:Successfully retrieve DXC's data.
INFO:root:Successfully retrieve AEP's data.
INFO:root:Successfully retrieve VNO's data.
INFO:root:Successfully retrieve STZ's data.
INFO:root:Successfully retrieve FDX's data.
INFO:root:Successfully retrieve UIS's data.
INFO:root:Successfully retrieve HCA's data.
INFO:root:Successfully retrieve IVC's data.
INFO:root:Successfully retrieve KSS's data.
INFO:root:Successfully retrieve UNH's data.
INFO:root:Successfully retrieve DO's data.
INFO:root:Successfully retrieve KSU's data.
INFO:root:Successfully retrieve J's data.
INFO:root:Insufficient data for AUD.
INFO:root:Successfully retrieve ICE's data.
INFO:root:Successfully retrieve ALXN's data.
INFO:root:Insufficient data for WINEB.
INFO:root:Successfully retrieve VIA's data.
INFO:root:Successfully retrieve WELL's data.
INFO:root:Successfully retrieve ALLE's data.
INFO:root:Successfully retrieve PCAR's data.
INFO:root:Successfully retrieve AMAT's data.
INFO:root:Successfully retrieve AFL's data.
INFO:root:Insufficient data for FES.
INFO:root:Successfully retrieve ADM's data.
INFO:root:Successfully retrieve JPM's data.
INFO:root:Insufficient data for DRHI.
INFO:root:Successfully retrieve CMS's data.
INFO:root:Successfully retrieve MTW's data.
INFO:root:Successfully retrieve PHM's data.
INFO:root:Successfully retrieve WEC's data.
INFO:root:Successfully retrieve BBY's data.
INFO:root:Successfully retrieve PXD's data.
INFO:root:Successfully retrieve CIT's data.
INFO:root:Successfully retrieve SRE's data.
INFO:root:Successfully retrieve KMB's data.
INFO:root:Insufficient data for PTW.
INFO:root:Insufficient data for UNIH.
INFO:root:Successfully retrieve HPQ's data.
INFO:root:Successfully retrieve PWR's data.
INFO:root:Successfully retrieve UT's data.
INFO:root:Insufficient data for UNIP.
INFO:root:Successfully retrieve CCI's data.
INFO:root:Successfully retrieve EWSC's data.
INFO:root:Successfully retrieve FCX's data.
INFO:root:Successfully retrieve FMC's data.
INFO:root:Insufficient data for UA.
INFO:root:Successfully retrieve NOW's data.
INFO:root:Successfully retrieve GPC's data.
INFO:root:Successfully retrieve SNS's data.
INFO:root:Insufficient data for USAI.
INFO:root:Successfully retrieve LRCX's data.
INFO:root:Insufficient data for RIHL.
INFO:root:Successfully retrieve PA's data.
INFO:root:Successfully retrieve VMC's data.
INFO:root:Successfully retrieve AABA's data.
INFO:root:Successfully retrieve VRTX's data.
INFO:root:Successfully retrieve BWA's data.
INFO:root:Successfully retrieve K's data.
INFO:root:Successfully retrieve HST's data.
INFO:root:Successfully retrieve TRV's data.
INFO:root:Insufficient data for MBF.
INFO:root:Insufficient data for SZ.
INFO:root:Insufficient data for TSYS.
INFO:root:Insufficient data for STPL.
INFO:root:Insufficient data for ROPR.
INFO:root:Insufficient data for TRL.
INFO:root:Successfully retrieve PRGO's data.
INFO:root:Successfully retrieve E's data.
INFO:root:Successfully retrieve VTR's data.
INFO:root:Successfully retrieve HAS's data.
INFO:root:Successfully retrieve AIG's data.
INFO:root:Successfully retrieve NRG's data.
INFO:root:Successfully retrieve PLI's data.
INFO:root:Successfully retrieve ACC's data.
INFO:root:Successfully retrieve AMGN's data.
INFO:root:Insufficient data for BMS.
INFO:root:Successfully retrieve GNW's data.
INFO:root:Insufficient data for FABC.
INFO:root:Successfully retrieve TXN's data.
INFO:root:Insufficient data for AAG.
INFO:root:Successfully retrieve ASH's data.
INFO:root:Successfully retrieve HMT's data.
INFO:root:Successfully retrieve ACN's data.
INFO:root:Successfully retrieve COOP's data.
INFO:root:Insufficient data for POLY.
INFO:root:Successfully retrieve FTR's data.
INFO:root:Successfully retrieve UPS's data.
INFO:root:Successfully retrieve NCB's data.
INFO:root:Successfully retrieve PKI's data.
INFO:root:Successfully retrieve STI's data.
INFO:root:Successfully retrieve TIF's data.
INFO:root:Successfully retrieve CMT's data.
INFO:root:Successfully retrieve BMY's data.
INFO:root:Successfully retrieve SCE's data.
INFO:root:Successfully retrieve SBUX's data.
INFO:root:Successfully retrieve PIR's data.
INFO:root:Successfully retrieve MXIM's data.
INFO:root:Successfully retrieve PH's data.
INFO:root:Insufficient data for FON.
INFO:root:Successfully retrieve LM's data.
INFO:root:Insufficient data for TYSNA.
INFO:root:Successfully retrieve LOW's data.
INFO:root:Insufficient data for NOI.
INFO:root:Successfully retrieve ADSK's data.
INFO:root:Insufficient data for RGBK.
INFO:root:Insufficient data for RHAT.
INFO:root:Successfully retrieve CVX's data.
INFO:root:Successfully retrieve FTN's data.
INFO:root:Successfully retrieve ODP's data.
INFO:root:Successfully retrieve AXP's data.
INFO:root:Successfully retrieve G's data.
INFO:root:Successfully retrieve AGN's data.
INFO:root:Successfully retrieve LUV's data.
INFO:root:Successfully retrieve SNA's data.
INFO:root:Successfully retrieve GHC's data.
INFO:root:Successfully retrieve TDY's data.
INFO:root:Insufficient data for USOS.
INFO:root:Successfully retrieve D's data.
INFO:root:Insufficient data for HWP.
INFO:root:Successfully retrieve PLD's data.
INFO:root:Successfully retrieve MCO's data.
INFO:root:Successfully retrieve PPG's data.
INFO:root:Successfully retrieve LEG's data.
INFO:root:Successfully retrieve COG's data.
INFO:root:Successfully retrieve MAY's data.
INFO:root:Successfully retrieve CTXS's data.
INFO:root:Successfully retrieve ROST's data.
INFO:root:Successfully retrieve CE's data.
INFO:root:Successfully retrieve RF's data.
INFO:root:Successfully retrieve UNM's data.
INFO:root:Successfully retrieve CMI's data.
INFO:root:Successfully retrieve YUM's data.
INFO:root:Successfully retrieve IVZ's data.
INFO:root:Successfully retrieve FOH's data.
INFO:root:Successfully retrieve TAP's data.
INFO:root:Successfully retrieve KR's data.
INFO:root:Successfully retrieve XRAY's data.
INFO:root:Successfully retrieve PEAK's data.
INFO:root:Successfully retrieve BXP's data.
INFO:root:Successfully retrieve PCG's data.
INFO:root:Insufficient data for PEAKF.
INFO:root:Successfully retrieve GS's data.
INFO:root:Successfully retrieve EL's data.
INFO:root:Successfully retrieve REGN's data.
INFO:root:Successfully retrieve CAH's data.
INFO:root:Insufficient data for STBK.
INFO:root:Successfully retrieve RTN's data.
INFO:root:Insufficient data for MWW.
INFO:root:Successfully retrieve ABBV's data.
INFO:root:Successfully retrieve LIN's data.
INFO:root:Successfully retrieve RRC's data.
INFO:root:Successfully retrieve PBCT's data.
INFO:root:Successfully retrieve BH's data.
INFO:root:Successfully retrieve NWL's data.
INFO:root:Successfully retrieve AEE's data.
INFO:root:Successfully retrieve WFC's data.
INFO:root:Insufficient data for WINEA.
INFO:root:Successfully retrieve KIM's data.
INFO:root:Successfully retrieve DLTR's data.
INFO:root:Insufficient data for DURI.
INFO:root:Successfully retrieve CMB's data.
INFO:root:Successfully retrieve MCK's data.
INFO:root:Insufficient data for WMI.
INFO:root:Insufficient data for MTWN.
INFO:root:Successfully retrieve OXY's data.
INFO:root:Successfully retrieve AVGO's data.
INFO:root:Successfully retrieve NVDA's data.
INFO:root:Successfully retrieve BEN's data.
INFO:root:Successfully retrieve NUE's data.
INFO:root:Insufficient data for SNT.
INFO:root:Successfully retrieve FISV's data.
INFO:root:Successfully retrieve R's data.
INFO:root:Insufficient data for WPO.
INFO:root:Successfully retrieve USAS's data.
INFO:root:Insufficient data for SMK.
INFO:root:Successfully retrieve NSC's data.
INFO:root:Insufficient data for JDSU.
INFO:root:Successfully retrieve VIAV's data.
INFO:root:Successfully retrieve MANT's data.
INFO:root:Successfully retrieve VAL's data.
INFO:root:Insufficient data for CMCA.
INFO:root:Successfully retrieve EMR's data.
INFO:root:Successfully retrieve WU's data.
INFO:root:Successfully retrieve AVP's data.
INFO:root:Successfully retrieve TEX's data.
INFO:root:Successfully retrieve XOM's data.
INFO:root:Insufficient data for CNVX.
INFO:root:Successfully retrieve TPR's data.
INFO:root:Insufficient data for MES.
INFO:root:Successfully retrieve TER's data.
INFO:root:Successfully retrieve BLK's data.
INFO:root:These tickers are dropped due to non-consecutive data series: ['NKE', 'DDS', 'IPG', 'LLY', 'MTG', 'WY', 'CI', 'PLU', 'WTR', 'EBAY', 'NCR', 'AON', 'CCEP', 'NSP', 'CSCO', 'EIX', 'IAC', 'AZO', 'QEP', 'CMA', 'CF', 'A', 'URI', 'MHK', 'CTL', 'TMO', 'HRB', 'TERX', 'MEC', 'DISCB', 'MNK', 'AKAM', 'APH', 'BKNG', 'LNC', 'CAG', 'HD', 'GRMN', 'IP', 'MCD', 'CELG', 'ITW', 'DOV', 'VRSN', 'C', 'AAPL', 'BDX', 'HON', 'AIV', 'FITB', 'MKC', 'NB', 'APTV', 'AME', 'PVH', 'CGCO', 'CIEN', 'ZBH', 'AES', 'X', 'MLM', 'HIG', 'VZ', 'XLNX', 'SLB', 'EW', 'WM', 'ACL', 'JWN', 'ETFC', 'RLGY', 'SWN', 'UTX', 'GWW', 'DNR', 'ORCL', 'RIG', 'S', 'NWSA', 'CMCSA', 'SHW', 'COL', 'SRCL', 'NBL', 'DHR', 'PSX', 'SRL', 'SPK', 'CDG', 'MRO', 'VLO', 'SPGI', 'NOB', 'MPC', 'PRU', 'SANM', 'CRM', 'CHRW', 'L', 'IFF', 'BPR', 'VAR', 'WYND', 'CAT', 'MA', 'CBRE', 'PDCO', 'MRK', 'HRL', 'HOG', 'AMG', 'MDT', 'WPI', 'DVA', 'CDIC', 'CLX', 'AMZN', 'CU', 'ADP', 'APD', 'DE', 'HLT', 'SO', 'WMB', 'STX', 'SPG', 'DISCK', 'HP', 'MON', 'KLAC', 'GIS', 'JBL', 'VFC', 'DG', 'GL', 'JCP', 'CZR', 'EXPD', 'HUM', 'AEL', 'T', 'ET', 'CCL', 'TGNA', 'ALL', 'M', 'GME', 'IRM', 'EOG', 'STA', 'NAV', 'CSC', 'LTR', 'ED', 'NTAP', 'SWK', 'DAN', 'KMX', 'PNR', 'GOOGL', 'RHI', 'SAI', 'LMT', 'OKE', 'DD', 'CHK', 'GE', 'AOC', 'F', 'PEP', 'ETR', 'PNC', 'XON', 'XEL', 'ACR', 'HES', 'NI', 'REI', 'INTC', 'BC', 'FPL', 'FAST', 'SYY', 'RAIL', 'TSCO', 'AIZ', 'CVS', 'MAS', 'SCHW', 'WMT', 'VIAB', 'CAR', 'CTB', 'AHC', 'CSX', 'MET', 'EA', 'CL', 'WHR', 'EPHC', 'ANTM', 'ADBE', 'PDP', 'MAC', 'MS', 'CUM', 'ECL', 'ETN', 'PGR', 'LDOS', 'ADI', 'ABC', 'SJM', 'ROK', 'CHV', 'GILD', 'ROP', 'CLF', 'NYT', 'EXPE', 'PM', 'NTRS', 'PFG', 'AMP', 'NEM', 'AMBC', 'NBR', 'LPX', 'NOV', 'AAS', 'PFE', 'TEL', 'LH', 'XYL', 'AIF', 'DVN', 'LMC', 'MEE', 'ISRG', 'MD', 'MNST', 'UW', 'MMC', 'DUK', 'EQT', 'FLIR', 'KO', 'TROW', 'CTAS', 'GOOG', 'JCI', 'AMD', 'WYNN', 'COP', 'CB', 'SYK', 'MU', 'BSX', 'PAR', 'PTC', 'TSN', 'CZN', 'V', 'DFS', 'KEY', 'SEE', 'GPS', 'RRD', 'FE', 'CNS', 'TGT', 'MBI', 'FIS', 'TEN', 'NOC', 'VC', 'KNE', 'COST', 'GLW', 'MOS', 'KODK', 'OMC', 'CERN', 'HSY', 'P', 'MO', 'MLSS', 'XEC', 'MCHP', 'SITC', 'OI', 'TRIP', 'STCO', 'FSLR', 'BLL', 'MSFT', 'MAT', 'WDC', 'MSU', 'INTU', 'AVB', 'KMI', 'STT', 'IIN', 'TFC', 'WAT', 'MXM', 'DRI', 'USB', 'BA', 'JNPR', 'DIS', 'TJX', 'FOSL', 'UAA', 'FLR', 'IR', 'HBAN', 'QCOM', 'EQR', 'CNX', 'KDP', 'MTB', 'MYL', 'PNW', 'LYB', 'ALT', 'MSI', 'PAYX', 'MDP', 'VIAC', 'ITT', 'NX', 'KBH', 'RL', 'JEF', 'CTSH', 'NFLX', 'DGX', 'CMX', 'MDLZ', 'BAX', 'MUR', 'LOM', 'BIG', 'EXC', 'CMG', 'PEG', 'DNB', 'COFI', 'URBN', 'NHLI', 'CHL', 'CUK', 'ANF', 'AVY', 'ES', 'LEN', 'ORLY', 'ZION', 'STG', 'GT', 'LB', 'MAR', 'ZTS', 'FFIV', 'EFX', 'ACAD', 'SSP', 'BBBY', 'SRC', 'GD', 'MGI', 'UNP', 'DTE', 'CINF', 'EMN', 'ALD', 'ADS', 'NDAQ', 'PPL', 'MMM', 'SPC', 'PPE', 'CPB', 'NE', 'BAC', 'CME', 'UHS', 'SNV', 'APA', 'COF', 'WBA', 'BIIB', 'PG', 'FII', 'PSA', 'XRX', 'AKS', 'NWS', 'WPX', 'CBS', 'ATI', 'ESS', 'ATGE', 'AVZ', 'TDC', 'AN', 'DHI', 'DLPH', 'DAL', 'IBM', 'PP', 'HAL', 'NFX', 'GM', 'NEE', 'RSG', 'DDR', 'DISCA', 'JNJ', 'GCI', 'CD', 'THC', 'FLS', 'TXT', 'BK', 'FB', 'AMT', 'NLSN', 'PBI', 'CNP', 'FHN', 'DXC', 'AEP', 'VNO', 'STZ', 'FDX', 'UIS', 'HCA', 'IVC', 'KSS', 'UNH', 'DO', 'KSU', 'J', 'ICE', 'ALXN', 'VIA', 'WELL', 'ALLE', 'PCAR', 'AMAT', 'AFL', 'ADM', 'JPM', 'CMS', 'MTW', 'PHM', 'WEC', 'BBY', 'PXD', 'CIT', 'SRE', 'KMB', 'HPQ', 'PWR', 'UT', 'CCI', 'EWSC', 'FCX', 'FMC', 'NOW', 'GPC', 'SNS', 'LRCX', 'PA', 'VMC', 'AABA', 'VRTX', 'BWA', 'K', 'HST', 'TRV', 'PRGO', 'E', 'VTR', 'HAS', 'AIG', 'NRG', 'PLI', 'ACC', 'AMGN', 'GNW', 'TXN', 'ASH', 'HMT', 'ACN', 'COOP', 'FTR', 'UPS', 'NCB', 'PKI', 'STI', 'TIF', 'CMT', 'BMY', 'SCE', 'SBUX', 'PIR', 'MXIM', 'PH', 'LM', 'LOW', 'ADSK', 'CVX', 'FTN', 'ODP', 'AXP', 'G', 'AGN', 'LUV', 'SNA', 'GHC', 'TDY', 'D', 'PLD', 'MCO', 'PPG', 'LEG', 'COG', 'MAY', 'CTXS', 'ROST', 'CE', 'RF', 'UNM', 'CMI', 'YUM', 'IVZ', 'FOH', 'TAP', 'KR', 'XRAY', 'PEAK', 'BXP', 'PCG', 'GS', 'EL', 'REGN', 'CAH', 'RTN', 'ABBV', 'LIN', 'RRC', 'PBCT', 'BH', 'NWL', 'AEE', 'WFC', 'KIM', 'DLTR', 'CMB', 'MCK', 'OXY', 'AVGO', 'NVDA', 'BEN', 'NUE', 'FISV', 'R', 'USAS', 'NSC', 'VIAV', 'MANT', 'VAL', 'EMR', 'WU', 'AVP', 'TEX', 'XOM', 'TPR', 'TER', 'BLK']
INFO:root:Insufficient data for PSG.
INFO:numexpr.utils:NumExpr defaulting to 8 threads.
INFO:root:Successfully retrieve NKE's data.
INFO:root:Successfully retrieve DDS's data.
INFO:root:Successfully retrieve IPG's data.
INFO:root:Successfully retrieve LLY's data.
INFO:root:Successfully retrieve MTG's data.
INFO:root:Insufficient data for NAVI.
INFO:root:Successfully retrieve WY's data.
INFO:root:Insufficient data for SEQ.
INFO:root:Successfully retrieve CI's data.
INFO:root:These tickers are dropped due to non-consecutive data series: ['NKE', 'DDS', 'IPG', 'LLY', 'MTG', 'WY', 'CI']
INFO:root:Insufficient data for PSG.
INFO:numexpr.utils:NumExpr defaulting to 8 threads.
INFO:root:Successfully retrieve NKE's data.
INFO:root:Successfully retrieve DDS's data.
INFO:root:Successfully retrieve IPG's data.
INFO:root:Successfully retrieve LLY's data.
INFO:root:Successfully retrieve MTG's data.
INFO:root:Insufficient data for NAVI.
INFO:root:Successfully retrieve WY's data.
INFO:root:Insufficient data for SEQ.
INFO:root:Successfully retrieve CI's data.
INFO:root:These tickers are dropped due to non-consecutive data series: ['NKE', 'DDS', 'IPG', 'LLY', 'MTG', 'WY', 'CI']
INFO:root:Insufficient data for PSG.
INFO:numexpr.utils:NumExpr defaulting to 8 threads.
INFO:root:Successfully retrieve NKE's data.
INFO:root:Successfully retrieve DDS's data.
INFO:root:Successfully retrieve IPG's data.
INFO:root:Successfully retrieve LLY's data.
INFO:root:Successfully retrieve MTG's data.
INFO:root:Insufficient data for NAVI.
INFO:root:Successfully retrieve WY's data.
INFO:root:Insufficient data for SEQ.
INFO:root:Successfully retrieve CI's data.
INFO:root:These tickers are dropped due to non-consecutive data series: ['NKE', 'DDS', 'IPG', 'LLY', 'MTG', 'WY', 'CI']
INFO:root:Insufficient data for PSG.
INFO:numexpr.utils:NumExpr defaulting to 8 threads.
INFO:root:Successfully retrieve NKE's data.
INFO:root:Successfully retrieve DDS's data.
INFO:root:Successfully retrieve IPG's data.
INFO:root:Successfully retrieve LLY's data.
INFO:root:Successfully retrieve MTG's data.
INFO:root:Insufficient data for NAVI.
INFO:root:Successfully retrieve WY's data.
INFO:root:Insufficient data for SEQ.
INFO:root:Successfully retrieve CI's data.
INFO:root:These tickers are dropped due to non-consecutive data series: ['NKE', 'DDS', 'IPG', 'LLY', 'MTG', 'WY', 'CI']
INFO:root:Insufficient data for PSG.
INFO:root:Successfully retrieve NKE's data.
INFO:root:Insufficient data for PSG.
INFO:root:Successfully retrieve NKE's data.
INFO:root:Successfully retrieve DDS's data.
INFO:root:Insufficient data for PSG.
INFO:root:Successfully retrieve NKE's data.
INFO:root:Successfully retrieve DDS's data.
INFO:root:Successfully retrieve IPG's data.
INFO:root:Successfully retrieve LLY's data.
INFO:root:Insufficient data for PSG.
INFO:numexpr.utils:NumExpr defaulting to 8 threads.
INFO:root:Failed to retrieve NKE.
INFO:root:Failed to retrieve DDS.
INFO:root:Failed to retrieve IPG.
INFO:root:Failed to retrieve LLY.
INFO:root:Failed to retrieve MTG.
INFO:root:Insufficient data for NAVI.
INFO:root:Failed to retrieve WY.
INFO:root:Insufficient data for SEQ.
INFO:root:Failed to retrieve CI.
INFO:root:These tickers are dropped due to non-consecutive data series: []
INFO:root:Insufficient data for PSG.
INFO:root:Failed to retrieve NKE.
INFO:root:Insufficient data for PSG.
INFO:root:Failed to retrieve NKE.
INFO:root:Failed to retrieve DDS.
INFO:root:Insufficient data for PSG.
INFO:root:Failed to retrieve NKE.
INFO:root:Failed to retrieve DDS.
INFO:root:Failed to retrieve IPG.
INFO:root:Insufficient data for PSG.
INFO:root:Failed to retrieve NKE.
INFO:root:Failed to retrieve DDS.
INFO:root:Failed to retrieve IPG.
INFO:root:Failed to retrieve LLY.
INFO:root:Failed to retrieve MTG.
INFO:root:Insufficient data for PSG.
INFO:root:Failed to retrieve NKE.
INFO:root:Failed to retrieve DDS.
INFO:root:Failed to retrieve IPG.
INFO:root:Failed to retrieve LLY.
INFO:root:Failed to retrieve MTG.
INFO:root:Insufficient data for NAVI.
INFO:root:Failed to retrieve WY.
INFO:root:Insufficient data for SEQ.
INFO:root:Failed to retrieve CI.
INFO:root:Insufficient data for PSG.
INFO:root:Failed to retrieve NKE.
INFO:root:Failed to retrieve DDS.
INFO:root:Failed to retrieve IPG.
INFO:root:Failed to retrieve LLY.
INFO:root:Failed to retrieve MTG.
INFO:root:Insufficient data for PSG.
INFO:numexpr.utils:NumExpr defaulting to 8 threads.
INFO:root:Successfully retrieve NKE's data.
INFO:root:Successfully retrieve DDS's data.
INFO:root:Successfully retrieve IPG's data.
INFO:root:Successfully retrieve LLY's data.
INFO:root:Successfully retrieve MTG's data.
INFO:root:Insufficient data for NAVI.
INFO:root:Successfully retrieve WY's data.
INFO:root:Insufficient data for SEQ.
INFO:root:Successfully retrieve CI's data.
INFO:root:These tickers are dropped due to non-consecutive data series: ['NKE', 'DDS', 'IPG', 'LLY', 'MTG', 'WY', 'CI']
INFO:root:Insufficient data for PSG.
INFO:numexpr.utils:NumExpr defaulting to 8 threads.
INFO:root:Successfully retrieve NKE's data.
INFO:root:Successfully retrieve DDS's data.
INFO:root:Successfully retrieve IPG's data.
INFO:root:Successfully retrieve LLY's data.
INFO:root:Successfully retrieve MTG's data.
INFO:root:Insufficient data for NAVI.
INFO:root:Successfully retrieve WY's data.
INFO:root:Insufficient data for SEQ.
INFO:root:Successfully retrieve CI's data.
INFO:root:Insufficient data for PSG.
INFO:numexpr.utils:NumExpr defaulting to 8 threads.
INFO:root:Successfully retrieve NKE's data.
INFO:root:Successfully retrieve DDS's data.
INFO:root:Successfully retrieve IPG's data.
INFO:root:Successfully retrieve LLY's data.
INFO:root:Successfully retrieve MTG's data.
INFO:root:Insufficient data for NAVI.
INFO:root:Successfully retrieve WY's data.
INFO:root:Insufficient data for SEQ.
INFO:root:Successfully retrieve CI's data.
INFO:root:Successfully retrieve PLU's data.
INFO:root:Successfully retrieve WTR's data.
INFO:root:Successfully retrieve EBAY's data.
INFO:root:Successfully retrieve NCR's data.
INFO:root:Successfully retrieve AON's data.
INFO:root:Successfully retrieve CCEP's data.
INFO:root:Successfully retrieve NSP's data.
INFO:root:Successfully retrieve CSCO's data.
INFO:root:Insufficient data for CHHC.
INFO:root:Successfully retrieve EIX's data.
INFO:root:Successfully retrieve IAC's data.
INFO:root:Successfully retrieve AZO's data.
INFO:root:Successfully retrieve QEP's data.
INFO:root:Successfully retrieve CMA's data.
INFO:root:Successfully retrieve CF's data.
INFO:root:Insufficient data for GGP.
INFO:root:Insufficient data for COH.
INFO:root:Successfully retrieve A's data.
INFO:root:Successfully retrieve URI's data.
INFO:root:Successfully retrieve MHK's data.
INFO:root:Insufficient data for CCE.
INFO:root:Successfully retrieve CTL's data.
INFO:root:Successfully retrieve TMO's data.
INFO:root:Successfully retrieve HRB's data.
INFO:root:Successfully retrieve TERX's data.
INFO:root:Insufficient data for NH.
INFO:root:Successfully retrieve MEC's data.
INFO:root:Successfully retrieve DISCB's data.
INFO:root:Insufficient data for DENRF.
INFO:root:Successfully retrieve MNK's data.
INFO:root:Successfully retrieve AKAM's data.
INFO:root:Successfully retrieve APH's data.
INFO:root:Insufficient data for RHT.
INFO:root:Successfully retrieve BKNG's data.
INFO:root:Insufficient data for OMCM.
INFO:root:Successfully retrieve LNC's data.
INFO:root:Successfully retrieve CAG's data.
INFO:root:Insufficient data for FTEN.
INFO:root:Insufficient data for ZY.
INFO:root:Insufficient data for ATTW.
INFO:root:Successfully retrieve HD's data.
INFO:root:Successfully retrieve GRMN's data.
INFO:root:Successfully retrieve IP's data.
INFO:root:Successfully retrieve MCD's data.
INFO:root:Successfully retrieve CELG's data.
INFO:root:Insufficient data for LOMK.
INFO:root:Insufficient data for CDB.
INFO:root:Successfully retrieve ITW's data.
INFO:root:Successfully retrieve DOV's data.
INFO:root:Successfully retrieve VRSN's data.
INFO:root:Successfully retrieve C's data.
INFO:root:Successfully retrieve AAPL's data.
INFO:root:Successfully retrieve BDX's data.
INFO:root:Successfully retrieve HON's data.
INFO:root:Successfully retrieve AIV's data.
INFO:root:Successfully retrieve FITB's data.
INFO:root:Successfully retrieve MKC's data.
INFO:root:Insufficient data for COPI.
INFO:root:Insufficient data for JEFG.
INFO:root:Successfully retrieve NB's data.
INFO:root:Insufficient data for COVI.
INFO:root:Successfully retrieve APTV's data.
INFO:root:Insufficient data for MKN.
INFO:root:Successfully retrieve AME's data.
INFO:root:Insufficient data for NOBE.
INFO:root:Successfully retrieve PVH's data.
INFO:root:Successfully retrieve CGCO's data.
INFO:root:Successfully retrieve CIEN's data.
INFO:root:Successfully retrieve ZBH's data.
INFO:root:Successfully retrieve AES's data.
INFO:root:Successfully retrieve X's data.
INFO:root:Successfully retrieve MLM's data.
INFO:root:Successfully retrieve HIG's data.
INFO:root:Insufficient data for NIKE.
INFO:root:Successfully retrieve VZ's data.
INFO:root:Successfully retrieve XLNX's data.
INFO:root:Insufficient data for RWIN.
INFO:root:Successfully retrieve SLB's data.
INFO:root:Successfully retrieve EW's data.
INFO:root:Successfully retrieve WM's data.
INFO:root:Successfully retrieve ACL's data.
INFO:root:Insufficient data for TYC.
INFO:root:Successfully retrieve JWN's data.
INFO:root:Insufficient data for CBG.
INFO:root:Successfully retrieve ETFC's data.
INFO:root:Successfully retrieve RLGY's data.
INFO:root:Insufficient data for BEL.
INFO:root:Successfully retrieve SWN's data.
INFO:root:Successfully retrieve UTX's data.
INFO:root:Successfully retrieve GWW's data.
INFO:root:Successfully retrieve DNR's data.
INFO:root:Successfully retrieve ORCL's data.
INFO:root:Successfully retrieve RIG's data.
INFO:root:Successfully retrieve S's data.
INFO:root:Insufficient data for HFSB.
INFO:root:Successfully retrieve NWSA's data.
INFO:root:Successfully retrieve CMCSA's data.
INFO:root:Successfully retrieve SHW's data.
INFO:root:Successfully retrieve COL's data.
INFO:root:Successfully retrieve SRCL's data.
INFO:root:Successfully retrieve NBL's data.
INFO:root:Successfully retrieve DHR's data.
INFO:root:Insufficient data for CBRNA.
INFO:root:Insufficient data for GFR.
INFO:root:Successfully retrieve PSX's data.
INFO:root:Successfully retrieve SRL's data.
INFO:root:Successfully retrieve SPK's data.
INFO:root:Insufficient data for OEC.
INFO:root:Successfully retrieve CDG's data.
INFO:root:Insufficient data for ABI.
INFO:root:Successfully retrieve MRO's data.
INFO:root:Successfully retrieve VLO's data.
INFO:root:Successfully retrieve SPGI's data.
INFO:root:Successfully retrieve NOB's data.
INFO:root:Successfully retrieve MPC's data.
INFO:root:Insufficient data for MHP.
INFO:root:Successfully retrieve PRU's data.
INFO:root:Insufficient data for SHRE.
INFO:root:Insufficient data for NU.
INFO:root:Successfully retrieve SANM's data.
INFO:root:Successfully retrieve CRM's data.
INFO:root:Successfully retrieve CHRW's data.
INFO:root:Insufficient data for CTA.
INFO:root:Successfully retrieve L's data.
INFO:root:Successfully retrieve IFF's data.
INFO:root:Successfully retrieve BPR's data.
INFO:root:Successfully retrieve VAR's data.
INFO:root:Successfully retrieve WYND's data.
INFO:root:Insufficient data for WLP.
INFO:root:Successfully retrieve CAT's data.
INFO:root:Insufficient data for FBS.
INFO:root:Successfully retrieve MA's data.
INFO:root:Insufficient data for MWD.
INFO:root:Insufficient data for SNSTA.
INFO:root:Insufficient data for MHS.
INFO:root:Successfully retrieve CBRE's data.
INFO:root:Successfully retrieve PDCO's data.
INFO:root:Successfully retrieve MRK's data.
INFO:root:Successfully retrieve HRL's data.
INFO:root:Successfully retrieve HOG's data.
INFO:root:Successfully retrieve AMG's data.
INFO:root:Successfully retrieve MDT's data.
INFO:root:Insufficient data for PLL.
INFO:root:Successfully retrieve WPI's data.
INFO:root:Successfully retrieve DVA's data.
INFO:root:Insufficient data for ACCOB.
INFO:root:Insufficient data for FD.
INFO:root:Insufficient data for DV.
INFO:root:Successfully retrieve CDIC's data.
INFO:root:Successfully retrieve CLX's data.
INFO:root:Successfully retrieve AMZN's data.
INFO:root:Successfully retrieve CU's data.
INFO:root:Insufficient data for ZMX.
INFO:root:Successfully retrieve ADP's data.
INFO:root:Successfully retrieve APD's data.
INFO:root:Successfully retrieve DE's data.
INFO:root:Successfully retrieve HLT's data.
INFO:root:Successfully retrieve SO's data.
INFO:root:Insufficient data for ROC.
INFO:root:Insufficient data for ODEP.
INFO:root:Successfully retrieve WMB's data.
INFO:root:Successfully retrieve STX's data.
INFO:root:Insufficient data for MOHK.
INFO:root:Successfully retrieve SPG's data.
INFO:root:Successfully retrieve DISCK's data.
INFO:root:Insufficient data for UNPH.
INFO:root:Successfully retrieve HP's data.
INFO:root:Successfully retrieve MON's data.
INFO:root:Successfully retrieve KLAC's data.
INFO:root:Successfully retrieve GIS's data.
INFO:root:Insufficient data for ATM.
INFO:root:Successfully retrieve JBL's data.
INFO:root:Insufficient data for MCCRK.
INFO:root:Insufficient data for AVGP.
INFO:root:Successfully retrieve VFC's data.
INFO:root:Insufficient data for TRCO.
INFO:root:Insufficient data for BYA.
INFO:root:Successfully retrieve DG's data.
INFO:root:Successfully retrieve GL's data.
INFO:root:Insufficient data for ATUS.
INFO:root:Successfully retrieve JCP's data.
INFO:root:Insufficient data for CBRNB.
INFO:root:Successfully retrieve CZR's data.
INFO:root:Successfully retrieve EXPD's data.
INFO:root:Successfully retrieve HUM's data.
INFO:root:Successfully retrieve AEL's data.
INFO:root:Insufficient data for SBC.
INFO:root:Successfully retrieve T's data.
INFO:root:Insufficient data for PE.
INFO:root:Successfully retrieve ET's data.
INFO:root:Successfully retrieve CCL's data.
INFO:root:Insufficient data for CFIP.
INFO:root:Successfully retrieve TGNA's data.
INFO:root:Successfully retrieve ALL's data.
INFO:root:Successfully retrieve M's data.
INFO:root:Insufficient data for CUCD.
INFO:root:Insufficient data for ACT.
INFO:root:Insufficient data for WYN.
INFO:root:Successfully retrieve GME's data.
INFO:root:Successfully retrieve IRM's data.
INFO:root:Successfully retrieve EOG's data.
INFO:root:Successfully retrieve STA's data.
INFO:root:Insufficient data for TMPW.
INFO:root:Insufficient data for BTU.
INFO:root:Insufficient data for IACI.
INFO:root:Successfully retrieve NAV's data.
INFO:root:Successfully retrieve CSC's data.
INFO:root:Successfully retrieve LTR's data.
INFO:root:Successfully retrieve ED's data.
INFO:root:Successfully retrieve NTAP's data.
INFO:root:Successfully retrieve SWK's data.
INFO:root:Insufficient data for SGIB.
INFO:root:Successfully retrieve DAN's data.
INFO:root:Successfully retrieve KMX's data.
INFO:root:Successfully retrieve PNR's data.
INFO:root:Insufficient data for MWP.
INFO:root:Insufficient data for BUTL.
INFO:root:Insufficient data for DNY.
INFO:root:Successfully retrieve GOOGL's data.
INFO:root:Successfully retrieve RHI's data.
INFO:root:Insufficient data for NVCR.
INFO:root:Successfully retrieve SAI's data.
INFO:root:Successfully retrieve LMT's data.
INFO:root:Successfully retrieve OKE's data.
INFO:root:Successfully retrieve DD's data.
INFO:root:Successfully retrieve CHK's data.
INFO:root:Successfully retrieve GE's data.
INFO:root:Successfully retrieve AOC's data.
INFO:root:Successfully retrieve F's data.
INFO:root:Successfully retrieve PEP's data.
INFO:root:Successfully retrieve ETR's data.
INFO:root:Successfully retrieve PNC's data.
INFO:root:Successfully retrieve XON's data.
INFO:root:Insufficient data for MALTZ.
INFO:root:Insufficient data for CMGT.
INFO:root:Insufficient data for LNX.
INFO:root:Insufficient data for DELL.
INFO:root:Successfully retrieve XEL's data.
INFO:root:Successfully retrieve ACR's data.
INFO:root:Insufficient data for FOX.
INFO:root:Insufficient data for ACMS.
INFO:root:Insufficient data for NVL.
INFO:root:Successfully retrieve HES's data.
INFO:root:Successfully retrieve NI's data.
INFO:root:Insufficient data for ZMH.
INFO:root:Insufficient data for PHBK.
INFO:root:Successfully retrieve REI's data.
INFO:root:Successfully retrieve INTC's data.
INFO:root:Successfully retrieve BC's data.
INFO:root:Insufficient data for APC.
INFO:root:Insufficient data for AESC.
INFO:root:Insufficient data for NOVO.
INFO:root:Insufficient data for FPL.
INFO:root:Successfully retrieve FAST's data.
INFO:root:Successfully retrieve SYY's data.
INFO:root:Successfully retrieve RAIL's data.
INFO:root:Successfully retrieve TSCO's data.
INFO:root:Successfully retrieve AIZ's data.
INFO:root:Successfully retrieve CVS's data.
INFO:root:Insufficient data for HANS.
INFO:root:Successfully retrieve MAS's data.
INFO:root:Successfully retrieve SCHW's data.
INFO:root:Successfully retrieve WMT's data.
INFO:root:Successfully retrieve VIAB's data.
INFO:root:Successfully retrieve CAR's data.
INFO:root:Insufficient data for UHSI.
INFO:root:Successfully retrieve CTB's data.
INFO:root:Insufficient data for ASHC.
INFO:root:Successfully retrieve AHC's data.
INFO:root:Insufficient data for KHC.
INFO:root:Successfully retrieve CSX's data.
INFO:root:Successfully retrieve MET's data.
INFO:root:Successfully retrieve EA's data.
INFO:root:Successfully retrieve CL's data.
INFO:root:Successfully retrieve WHR's data.
INFO:root:Successfully retrieve EPHC's data.
INFO:root:Insufficient data for DH.
INFO:root:Successfully retrieve ANTM's data.
INFO:root:Successfully retrieve ADBE's data.
INFO:root:Insufficient data for SGI.
INFO:root:Successfully retrieve PDP's data.
INFO:root:Successfully retrieve MAC's data.
INFO:root:Successfully retrieve MS's data.
INFO:root:Successfully retrieve CUM's data.
INFO:root:Insufficient data for JBIL.
INFO:root:Insufficient data for AIH.
INFO:root:Insufficient data for EGG.
INFO:root:Successfully retrieve ECL's data.
INFO:root:Successfully retrieve ETN's data.
INFO:root:Successfully retrieve PGR's data.
INFO:root:Successfully retrieve LDOS's data.
INFO:root:Successfully retrieve ADI's data.
INFO:root:Successfully retrieve ABC's data.
INFO:root:Successfully retrieve SJM's data.
INFO:root:Successfully retrieve ROK's data.
INFO:root:Insufficient data for WAG.
INFO:root:Successfully retrieve CHV's data.
INFO:root:Successfully retrieve GILD's data.
INFO:root:Successfully retrieve ROP's data.
INFO:root:Successfully retrieve CLF's data.
INFO:root:Successfully retrieve NYT's data.
INFO:root:Successfully retrieve EXPE's data.
INFO:root:Insufficient data for AQS.
INFO:root:Successfully retrieve PM's data.
INFO:root:Successfully retrieve NTRS's data.
INFO:root:Successfully retrieve PFG's data.
INFO:root:Successfully retrieve AMP's data.
INFO:root:Insufficient data for ACE.
INFO:root:Successfully retrieve NEM's data.
INFO:root:Insufficient data for WAMU.
INFO:root:Insufficient data for FDC.
INFO:root:Insufficient data for MCRN.
INFO:root:Successfully retrieve AMBC's data.
INFO:root:Successfully retrieve NBR's data.
INFO:root:Insufficient data for DOLR.
INFO:root:Successfully retrieve LPX's data.
INFO:root:Insufficient data for DTV.
INFO:root:Insufficient data for DVRY.
INFO:root:Insufficient data for ITG.
INFO:root:Insufficient data for WLBC.
INFO:root:Successfully retrieve NOV's data.
INFO:root:Successfully retrieve AAS's data.
INFO:root:Insufficient data for STRY.
INFO:root:Insufficient data for PITLF.
INFO:root:Successfully retrieve PFE's data.
INFO:root:Successfully retrieve TEL's data.
INFO:root:Successfully retrieve LH's data.
INFO:root:Successfully retrieve XYL's data.
INFO:root:Successfully retrieve AIF's data.
INFO:root:Successfully retrieve DVN's data.
INFO:root:Insufficient data for SCN.
INFO:root:Successfully retrieve LMC's data.
INFO:root:Successfully retrieve MEE's data.
INFO:root:Successfully retrieve ISRG's data.
INFO:root:Successfully retrieve MD's data.
INFO:root:Insufficient data for BNK.
INFO:root:Successfully retrieve MNST's data.
INFO:root:Successfully retrieve UW's data.
INFO:root:Successfully retrieve MMC's data.
INFO:root:Successfully retrieve DUK's data.
INFO:root:Insufficient data for NDCO.
INFO:root:Successfully retrieve EQT's data.
INFO:root:Insufficient data for ESV.
INFO:root:Insufficient data for RDC.
INFO:root:Successfully retrieve FLIR's data.
INFO:root:Successfully retrieve KO's data.
INFO:root:Successfully retrieve TROW's data.
INFO:root:Successfully retrieve CTAS's data.
INFO:root:Insufficient data for MSS.
INFO:root:Successfully retrieve GOOG's data.
INFO:root:Successfully retrieve JCI's data.
INFO:root:Insufficient data for SKTV.
INFO:root:Successfully retrieve AMD's data.
INFO:root:Successfully retrieve WYNN's data.
INFO:root:Successfully retrieve COP's data.
INFO:root:Successfully retrieve CB's data.
INFO:root:Insufficient data for BLI.
INFO:root:Successfully retrieve SYK's data.
INFO:root:Successfully retrieve MU's data.
INFO:root:Insufficient data for VCOR.
INFO:root:Successfully retrieve BSX's data.
INFO:root:Insufficient data for LLL.
INFO:root:Successfully retrieve PAR's data.
INFO:root:Successfully retrieve PTC's data.
INFO:root:Insufficient data for PMTC.
INFO:root:Successfully retrieve TSN's data.
INFO:root:Successfully retrieve CZN's data.
INFO:root:Successfully retrieve V's data.
INFO:root:Insufficient data for UEP.
INFO:root:Successfully retrieve DFS's data.
INFO:root:Successfully retrieve KEY's data.
INFO:root:Insufficient data for ERTS.
INFO:root:Successfully retrieve SEE's data.
INFO:root:Successfully retrieve GPS's data.
INFO:root:Successfully retrieve RRD's data.
INFO:root:Successfully retrieve FE's data.
INFO:root:Successfully retrieve CNS's data.
INFO:root:Successfully retrieve TGT's data.
INFO:root:Successfully retrieve MBI's data.
INFO:root:Successfully retrieve FIS's data.
INFO:root:Successfully retrieve TEN's data.
INFO:root:Successfully retrieve NOC's data.
INFO:root:Successfully retrieve VC's data.
INFO:root:Successfully retrieve KNE's data.
INFO:root:Successfully retrieve COST's data.
INFO:root:Insufficient data for PCLN.
INFO:root:Successfully retrieve GLW's data.
INFO:root:Successfully retrieve MOS's data.
INFO:root:Insufficient data for STCX.
INFO:root:Successfully retrieve KODK's data.
INFO:root:Successfully retrieve OMC's data.
INFO:root:Insufficient data for NT.
INFO:root:Successfully retrieve CERN's data.
INFO:root:Insufficient data for WMIH.
INFO:root:Successfully retrieve HSY's data.
INFO:root:Insufficient data for MMTCY.
INFO:root:Successfully retrieve P's data.
INFO:root:Successfully retrieve MO's data.
INFO:root:Successfully retrieve MLSS's data.
INFO:root:Successfully retrieve XEC's data.
INFO:root:Successfully retrieve MCHP's data.
INFO:root:Successfully retrieve SITC's data.
INFO:root:Successfully retrieve OI's data.
INFO:root:Successfully retrieve TRIP's data.
INFO:root:Successfully retrieve STCO's data.
INFO:root:Successfully retrieve FSLR's data.
INFO:root:Successfully retrieve BLL's data.
INFO:root:Successfully retrieve MSFT's data.
INFO:root:Insufficient data for CITU.
INFO:root:Successfully retrieve MAT's data.
INFO:root:Insufficient data for WATS.
INFO:root:Successfully retrieve WDC's data.
INFO:root:Successfully retrieve MSU's data.
INFO:root:Successfully retrieve INTU's data.
INFO:root:Successfully retrieve AVB's data.
INFO:root:Successfully retrieve KMI's data.
INFO:root:Successfully retrieve STT's data.
INFO:root:Successfully retrieve IIN's data.
INFO:root:Successfully retrieve TFC's data.
INFO:root:Insufficient data for KH.
INFO:root:Successfully retrieve WAT's data.
INFO:root:Insufficient data for CHOS.
INFO:root:Successfully retrieve MXM's data.
INFO:root:Insufficient data for RKY.
INFO:root:Insufficient data for HSNI.
INFO:root:Successfully retrieve DRI's data.
INFO:root:Successfully retrieve USB's data.
INFO:root:Successfully retrieve BA's data.
INFO:root:Successfully retrieve JNPR's data.
INFO:root:Insufficient data for MONE.
INFO:root:Successfully retrieve DIS's data.
INFO:root:Insufficient data for MOT.
INFO:root:Successfully retrieve TJX's data.
INFO:root:Successfully retrieve FOSL's data.
INFO:root:Successfully retrieve UAA's data.
INFO:root:Insufficient data for SGM.
INFO:root:Insufficient data for WED.
INFO:root:Insufficient data for NME.
INFO:root:Successfully retrieve FLR's data.
INFO:root:Successfully retrieve IR's data.
INFO:root:Successfully retrieve HBAN's data.
INFO:root:Successfully retrieve QCOM's data.
INFO:root:Successfully retrieve EQR's data.
INFO:root:Successfully retrieve CNX's data.
INFO:root:Successfully retrieve KDP's data.
INFO:root:Successfully retrieve MTB's data.
INFO:root:Insufficient data for CRFC.
INFO:root:Insufficient data for BTM.
INFO:root:Insufficient data for CSPK.
INFO:root:Successfully retrieve MYL's data.
INFO:root:Successfully retrieve PNW's data.
INFO:root:Insufficient data for SCH.
INFO:root:Insufficient data for PCCW.
INFO:root:Successfully retrieve LYB's data.
INFO:root:Successfully retrieve ALT's data.
INFO:root:Insufficient data for LK.
INFO:root:Insufficient data for CCC.
INFO:root:Successfully retrieve MSI's data.
INFO:root:Successfully retrieve PAYX's data.
INFO:root:Successfully retrieve MDP's data.
INFO:root:Successfully retrieve VIAC's data.
INFO:root:Insufficient data for HOU.
INFO:root:Successfully retrieve ITT's data.
INFO:root:Insufficient data for HME.
INFO:root:Insufficient data for HS.
INFO:root:Successfully retrieve NX's data.
INFO:root:Successfully retrieve KBH's data.
INFO:root:Insufficient data for WAND.
INFO:root:Successfully retrieve RL's data.
INFO:root:Successfully retrieve JEF's data.
INFO:root:Successfully retrieve CTSH's data.
INFO:root:Successfully retrieve NFLX's data.
INFO:root:Successfully retrieve DGX's data.
INFO:root:Successfully retrieve CMX's data.
INFO:root:Successfully retrieve MDLZ's data.
INFO:root:Successfully retrieve BAX's data.
INFO:root:Successfully retrieve MUR's data.
INFO:root:Successfully retrieve LOM's data.
INFO:root:Insufficient data for LTD.
INFO:root:Successfully retrieve BIG's data.
INFO:root:Insufficient data for MWHX.
INFO:root:Successfully retrieve EXC's data.
INFO:root:Successfully retrieve CMG's data.
INFO:root:Insufficient data for EGRP.
INFO:root:Successfully retrieve PEG's data.
INFO:root:Insufficient data for HDI.
INFO:root:Successfully retrieve DNB's data.
INFO:root:Insufficient data for IDID.
INFO:root:Insufficient data for LUK.
INFO:root:Insufficient data for PNTA.
INFO:root:Successfully retrieve COFI's data.
INFO:root:Successfully retrieve URBN's data.
INFO:root:Successfully retrieve NHLI's data.
INFO:root:Successfully retrieve CHL's data.
INFO:root:Successfully retrieve CUK's data.
INFO:root:Insufficient data for CEY.
INFO:root:Successfully retrieve ANF's data.
INFO:root:Successfully retrieve AVY's data.
INFO:root:Successfully retrieve ES's data.
INFO:root:Successfully retrieve LEN's data.
INFO:root:Insufficient data for MHFI.
INFO:root:Successfully retrieve ORLY's data.
INFO:root:Successfully retrieve ZION's data.
INFO:root:Successfully retrieve STG's data.
INFO:root:Successfully retrieve GT's data.
INFO:root:Successfully retrieve LB's data.
INFO:root:Successfully retrieve MAR's data.
INFO:root:Successfully retrieve ZTS's data.
INFO:root:Successfully retrieve FFIV's data.
INFO:root:Successfully retrieve EFX's data.
INFO:root:Successfully retrieve ACAD's data.
INFO:root:Insufficient data for NXL.
INFO:root:Insufficient data for RHII.
INFO:root:Insufficient data for ATH.
INFO:root:Successfully retrieve SSP's data.
INFO:root:Insufficient data for RII.
INFO:root:Successfully retrieve BBBY's data.
INFO:root:Successfully retrieve SRC's data.
INFO:root:Successfully retrieve GD's data.
INFO:root:Successfully retrieve MGI's data.
INFO:root:Successfully retrieve UNP's data.
INFO:root:Insufficient data for PLMD.
INFO:root:Successfully retrieve DTE's data.
INFO:root:Successfully retrieve CINF's data.
INFO:root:Successfully retrieve EMN's data.
INFO:root:Successfully retrieve ALD's data.
INFO:root:Successfully retrieve ADS's data.
INFO:root:Successfully retrieve NDAQ's data.
INFO:root:Successfully retrieve PPL's data.
INFO:root:Successfully retrieve MMM's data.
INFO:root:Successfully retrieve SPC's data.
INFO:root:Successfully retrieve PPE's data.
INFO:root:Successfully retrieve CPB's data.
INFO:root:Successfully retrieve NE's data.
INFO:root:Insufficient data for IDPH.
INFO:root:Successfully retrieve BAC's data.
INFO:root:Successfully retrieve CME's data.
INFO:root:Successfully retrieve UHS's data.
INFO:root:Successfully retrieve SNV's data.
INFO:root:Insufficient data for INSP.
INFO:root:Successfully retrieve APA's data.
INFO:root:Successfully retrieve COF's data.
INFO:root:Insufficient data for RMCI.
INFO:root:Successfully retrieve WBA's data.
INFO:root:Successfully retrieve BIIB's data.
INFO:root:Successfully retrieve PG's data.
INFO:root:Successfully retrieve FII's data.
INFO:root:Successfully retrieve PSA's data.
INFO:root:Insufficient data for WEDC.
INFO:root:Successfully retrieve XRX's data.
INFO:root:Successfully retrieve AKS's data.
INFO:root:Successfully retrieve NWS's data.
INFO:root:Successfully retrieve WPX's data.
INFO:root:Successfully retrieve CBS's data.
INFO:root:Successfully retrieve ATI's data.
INFO:root:Successfully retrieve ESS's data.
INFO:root:Successfully retrieve ATGE's data.
INFO:root:Successfully retrieve AVZ's data.
INFO:root:Successfully retrieve TDC's data.
INFO:root:Successfully retrieve AN's data.
INFO:root:Insufficient data for TWRS.
INFO:root:Successfully retrieve DHI's data.
INFO:root:Successfully retrieve DLPH's data.
INFO:root:Successfully retrieve DAL's data.
INFO:root:Successfully retrieve IBM's data.
INFO:root:Successfully retrieve PP's data.
INFO:root:Successfully retrieve HAL's data.
INFO:root:Successfully retrieve NFX's data.
INFO:root:Insufficient data for FRTR.
INFO:root:Successfully retrieve GM's data.
INFO:root:Successfully retrieve NEE's data.
INFO:root:Insufficient data for AMB.
INFO:root:Successfully retrieve RSG's data.
INFO:root:Insufficient data for FOXA.
INFO:root:Insufficient data for UARM.
INFO:root:Successfully retrieve DDR's data.
INFO:root:Insufficient data for TSS.
INFO:root:Successfully retrieve DISCA's data.
INFO:root:Successfully retrieve JNJ's data.
INFO:root:Successfully retrieve GCI's data.
INFO:root:Successfully retrieve CD's data.
INFO:root:Successfully retrieve THC's data.
INFO:root:Insufficient data for CBTB.
INFO:root:Successfully retrieve FLS's data.
INFO:root:Insufficient data for NNEXF.
INFO:root:Insufficient data for KFT.
INFO:root:Successfully retrieve TXT's data.
INFO:root:Successfully retrieve BK's data.
INFO:root:Successfully retrieve FB's data.
INFO:root:Successfully retrieve AMT's data.
INFO:root:Successfully retrieve NLSN's data.
INFO:root:Successfully retrieve PBI's data.
INFO:root:Insufficient data for BKB.
INFO:root:Insufficient data for IMTN.
INFO:root:Insufficient data for AKST.
INFO:root:Successfully retrieve CNP's data.
INFO:root:Successfully retrieve FHN's data.
INFO:root:Successfully retrieve DXC's data.
INFO:root:Successfully retrieve AEP's data.
INFO:root:Successfully retrieve VNO's data.
INFO:root:Successfully retrieve STZ's data.
INFO:root:Successfully retrieve FDX's data.
INFO:root:Successfully retrieve UIS's data.
INFO:root:Successfully retrieve HCA's data.
INFO:root:Successfully retrieve IVC's data.
INFO:root:Successfully retrieve KSS's data.
INFO:root:Successfully retrieve UNH's data.
INFO:root:Successfully retrieve DO's data.
INFO:root:Successfully retrieve KSU's data.
INFO:root:Successfully retrieve J's data.
INFO:root:Insufficient data for AUD.
INFO:root:Successfully retrieve ICE's data.
INFO:root:Successfully retrieve ALXN's data.
INFO:root:Insufficient data for WINEB.
INFO:root:Successfully retrieve VIA's data.
INFO:root:Successfully retrieve WELL's data.
INFO:root:Successfully retrieve ALLE's data.
INFO:root:Successfully retrieve PCAR's data.
INFO:root:Successfully retrieve AMAT's data.
INFO:root:Successfully retrieve AFL's data.
INFO:root:Insufficient data for FES.
INFO:root:Successfully retrieve ADM's data.
INFO:root:Successfully retrieve JPM's data.
INFO:root:Insufficient data for DRHI.
INFO:root:Successfully retrieve CMS's data.
INFO:root:Successfully retrieve MTW's data.
INFO:root:Successfully retrieve PHM's data.
INFO:root:Successfully retrieve WEC's data.
INFO:root:Successfully retrieve BBY's data.
INFO:root:Successfully retrieve PXD's data.
INFO:root:Successfully retrieve CIT's data.
INFO:root:Successfully retrieve SRE's data.
INFO:root:Successfully retrieve KMB's data.
INFO:root:Insufficient data for PTW.
INFO:root:Insufficient data for UNIH.
INFO:root:Successfully retrieve HPQ's data.
INFO:root:Successfully retrieve PWR's data.
INFO:root:Successfully retrieve UT's data.
INFO:root:Insufficient data for UNIP.
INFO:root:Successfully retrieve CCI's data.
INFO:root:Successfully retrieve EWSC's data.
INFO:root:Successfully retrieve FCX's data.
INFO:root:Successfully retrieve FMC's data.
INFO:root:Insufficient data for UA.
INFO:root:Successfully retrieve NOW's data.
INFO:root:Successfully retrieve GPC's data.
INFO:root:Successfully retrieve SNS's data.
INFO:root:Insufficient data for USAI.
INFO:root:Successfully retrieve LRCX's data.
INFO:root:Insufficient data for RIHL.
INFO:root:Successfully retrieve PA's data.
INFO:root:Successfully retrieve VMC's data.
INFO:root:Successfully retrieve AABA's data.
INFO:root:Successfully retrieve VRTX's data.
INFO:root:Successfully retrieve BWA's data.
INFO:root:Successfully retrieve K's data.
INFO:root:Successfully retrieve HST's data.
INFO:root:Successfully retrieve TRV's data.
INFO:root:Insufficient data for MBF.
INFO:root:Insufficient data for SZ.
INFO:root:Insufficient data for TSYS.
INFO:root:Insufficient data for STPL.
INFO:root:Insufficient data for ROPR.
INFO:root:Insufficient data for TRL.
INFO:root:Successfully retrieve PRGO's data.
INFO:root:Successfully retrieve E's data.
INFO:root:Successfully retrieve VTR's data.
INFO:root:Successfully retrieve HAS's data.
INFO:root:Successfully retrieve AIG's data.
INFO:root:Successfully retrieve NRG's data.
INFO:root:Successfully retrieve PLI's data.
INFO:root:Successfully retrieve ACC's data.
INFO:root:Successfully retrieve AMGN's data.
INFO:root:Insufficient data for BMS.
INFO:root:Successfully retrieve GNW's data.
INFO:root:Insufficient data for FABC.
INFO:root:Successfully retrieve TXN's data.
INFO:root:Insufficient data for AAG.
INFO:root:Successfully retrieve ASH's data.
INFO:root:Successfully retrieve HMT's data.
INFO:root:Successfully retrieve ACN's data.
INFO:root:Successfully retrieve COOP's data.
INFO:root:Insufficient data for POLY.
INFO:root:Successfully retrieve FTR's data.
INFO:root:Successfully retrieve UPS's data.
INFO:root:Successfully retrieve NCB's data.
INFO:root:Successfully retrieve PKI's data.
INFO:root:Successfully retrieve STI's data.
INFO:root:Successfully retrieve TIF's data.
INFO:root:Successfully retrieve CMT's data.
INFO:root:Successfully retrieve BMY's data.
INFO:root:Successfully retrieve SCE's data.
INFO:root:Successfully retrieve SBUX's data.
INFO:root:Successfully retrieve PIR's data.
INFO:root:Successfully retrieve MXIM's data.
INFO:root:Successfully retrieve PH's data.
INFO:root:Insufficient data for FON.
INFO:root:Successfully retrieve LM's data.
INFO:root:Insufficient data for TYSNA.
INFO:root:Successfully retrieve LOW's data.
INFO:root:Insufficient data for NOI.
INFO:root:Successfully retrieve ADSK's data.
INFO:root:Insufficient data for RGBK.
INFO:root:Insufficient data for RHAT.
INFO:root:Successfully retrieve CVX's data.
INFO:root:Successfully retrieve FTN's data.
INFO:root:Successfully retrieve ODP's data.
INFO:root:Successfully retrieve AXP's data.
INFO:root:Successfully retrieve G's data.
INFO:root:Successfully retrieve AGN's data.
INFO:root:Successfully retrieve LUV's data.
INFO:root:Successfully retrieve SNA's data.
INFO:root:Successfully retrieve GHC's data.
INFO:root:Successfully retrieve TDY's data.
INFO:root:Insufficient data for USOS.
INFO:root:Successfully retrieve D's data.
INFO:root:Insufficient data for HWP.
INFO:root:Successfully retrieve PLD's data.
INFO:root:Successfully retrieve MCO's data.
INFO:root:Successfully retrieve PPG's data.
INFO:root:Successfully retrieve LEG's data.
INFO:root:Successfully retrieve COG's data.
INFO:root:Successfully retrieve MAY's data.
INFO:root:Successfully retrieve CTXS's data.
INFO:root:Successfully retrieve ROST's data.
INFO:root:Successfully retrieve CE's data.
INFO:root:Successfully retrieve RF's data.
INFO:root:Successfully retrieve UNM's data.
INFO:root:Successfully retrieve CMI's data.
INFO:root:Successfully retrieve YUM's data.
INFO:root:Successfully retrieve IVZ's data.
INFO:root:Successfully retrieve FOH's data.
INFO:root:Successfully retrieve TAP's data.
INFO:root:Successfully retrieve KR's data.
INFO:root:Successfully retrieve XRAY's data.
INFO:root:Successfully retrieve PEAK's data.
INFO:root:Successfully retrieve BXP's data.
INFO:root:Successfully retrieve PCG's data.
INFO:root:Insufficient data for PEAKF.
INFO:root:Successfully retrieve GS's data.
INFO:root:Successfully retrieve EL's data.
INFO:root:Successfully retrieve REGN's data.
INFO:root:Successfully retrieve CAH's data.
INFO:root:Insufficient data for STBK.
INFO:root:Successfully retrieve RTN's data.
INFO:root:Insufficient data for MWW.
INFO:root:Successfully retrieve ABBV's data.
INFO:root:Successfully retrieve LIN's data.
INFO:root:Successfully retrieve RRC's data.
INFO:root:Successfully retrieve PBCT's data.
INFO:root:Successfully retrieve BH's data.
INFO:root:Successfully retrieve NWL's data.
INFO:root:Successfully retrieve AEE's data.
INFO:root:Successfully retrieve WFC's data.
INFO:root:Insufficient data for WINEA.
INFO:root:Successfully retrieve KIM's data.
INFO:root:Successfully retrieve DLTR's data.
INFO:root:Insufficient data for DURI.
INFO:root:Successfully retrieve CMB's data.
INFO:root:Successfully retrieve MCK's data.
INFO:root:Insufficient data for WMI.
INFO:root:Insufficient data for MTWN.
INFO:root:Successfully retrieve OXY's data.
INFO:root:Successfully retrieve AVGO's data.
INFO:root:Successfully retrieve NVDA's data.
INFO:root:Successfully retrieve BEN's data.
INFO:root:Successfully retrieve NUE's data.
INFO:root:Insufficient data for SNT.
INFO:root:Successfully retrieve FISV's data.
INFO:root:Successfully retrieve R's data.
INFO:root:Insufficient data for WPO.
INFO:root:Successfully retrieve USAS's data.
INFO:root:Insufficient data for SMK.
INFO:root:Successfully retrieve NSC's data.
INFO:root:Insufficient data for JDSU.
INFO:root:Successfully retrieve VIAV's data.
INFO:root:Successfully retrieve MANT's data.
INFO:root:Successfully retrieve VAL's data.
INFO:root:Insufficient data for CMCA.
INFO:root:Successfully retrieve EMR's data.
INFO:root:Successfully retrieve WU's data.
INFO:root:Successfully retrieve AVP's data.
INFO:root:Successfully retrieve TEX's data.
INFO:root:Successfully retrieve XOM's data.
INFO:root:Insufficient data for CNVX.
INFO:root:Successfully retrieve TPR's data.
INFO:root:Insufficient data for MES.
INFO:root:Successfully retrieve TER's data.
INFO:root:Successfully retrieve BLK's data.
INFO:root:Successfully retrieve SPY's data.
