INFO:numexpr.utils:NumExpr defaulting to 8 threads.
INFO:numexpr.utils:NumExpr defaulting to 8 threads.
INFO:numexpr.utils:NumExpr defaulting to 8 threads.
INFO:root:Successfully retrieve WPI's data.
INFO:root:Successfully retrieve XEL's data.
INFO:root:Successfully retrieve DOV's data.
INFO:root:Successfully retrieve DVA's data.
INFO:root:Insufficient data for ACCOB.
INFO:root:Insufficient data for FD.
INFO:root:Insufficient data for DV.
INFO:root:Successfully retrieve CDIC's data.
INFO:root:Successfully retrieve ACR's data.
INFO:root:Insufficient data for FOX.
INFO:root:Insufficient data for ACMS.
INFO:root:Insufficient data for NVL.
INFO:root:Successfully retrieve VRSN's data.
INFO:root:Successfully retrieve CLX's data.
INFO:root:Successfully retrieve HES's data.
INFO:root:Successfully retrieve C's data.
INFO:root:Successfully retrieve AMZN's data.
INFO:root:Successfully retrieve CU's data.
INFO:root:Insufficient data for ZMX.
INFO:root:Successfully retrieve NI's data.
INFO:root:Insufficient data for ZMH.
INFO:root:Insufficient data for PHBK.
INFO:root:Successfully retrieve AAPL's data.
INFO:root:Successfully retrieve REI's data.
INFO:root:Successfully retrieve ADP's data.
INFO:root:Successfully retrieve BDX's data.
INFO:root:Successfully retrieve INTC's data.
INFO:root:Successfully retrieve APD's data.
INFO:root:Successfully retrieve HON's data.
INFO:root:Successfully retrieve BC's data.
INFO:root:Insufficient data for APC.
INFO:root:Insufficient data for AESC.
INFO:root:Insufficient data for NOVO.
INFO:root:Successfully retrieve FPL's data.
INFO:root:Successfully retrieve AIV's data.
INFO:root:Successfully retrieve DE's data.
INFO:root:Successfully retrieve HLT's data.
INFO:root:Successfully retrieve FAST's data.
INFO:root:Successfully retrieve FITB's data.
INFO:root:Successfully retrieve SO's data.
INFO:root:Insufficient data for ROC.
INFO:root:Insufficient data for ODEP.
INFO:root:Successfully retrieve SYY's data.
INFO:root:Successfully retrieve RAIL's data.
INFO:root:Successfully retrieve MKC's data.
INFO:root:Insufficient data for COPI.
INFO:root:Insufficient data for JEFG.
INFO:root:Successfully retrieve WMB's data.
INFO:root:Successfully retrieve NB's data.
INFO:root:Insufficient data for COVI.
INFO:root:Successfully retrieve TSCO's data.
INFO:root:Successfully retrieve STX's data.
INFO:root:Insufficient data for MOHK.
INFO:root:Successfully retrieve APTV's data.
INFO:root:Successfully retrieve MKN's data.
INFO:root:Successfully retrieve AIZ's data.
INFO:root:Successfully retrieve SPG's data.
INFO:root:Successfully retrieve DISCK's data.
INFO:root:Insufficient data for UNPH.
INFO:root:Successfully retrieve AME's data.
INFO:root:Insufficient data for NOBE.
INFO:root:Successfully retrieve CVS's data.
INFO:root:Insufficient data for HANS.
INFO:root:Successfully retrieve HP's data.
INFO:root:Successfully retrieve PVH's data.
INFO:root:Successfully retrieve MON's data.
INFO:root:Successfully retrieve MAS's data.
INFO:root:Successfully retrieve CGCO's data.
INFO:root:Successfully retrieve KLAC's data.
INFO:root:Successfully retrieve CIEN's data.
INFO:root:Successfully retrieve SCHW's data.
INFO:root:Successfully retrieve ZBH's data.
INFO:root:Successfully retrieve GIS's data.
INFO:root:Insufficient data for ATM.
INFO:root:Successfully retrieve WMT's data.
INFO:root:Insufficient data for VIAB.
INFO:root:Successfully retrieve AES's data.
INFO:root:Successfully retrieve JBL's data.
INFO:root:Insufficient data for MCCRK.
INFO:root:Insufficient data for AVGP.
INFO:root:Successfully retrieve X's data.
INFO:root:Successfully retrieve CAR's data.
INFO:root:Insufficient data for UHSI.
INFO:root:Successfully retrieve MLM's data.
INFO:root:Successfully retrieve VFC's data.
INFO:root:Insufficient data for TRCO.
INFO:root:Insufficient data for BYA.
INFO:root:Successfully retrieve DG's data.
INFO:root:Successfully retrieve CTB's data.
INFO:root:Insufficient data for ASHC.
INFO:root:Successfully retrieve HIG's data.
INFO:root:Insufficient data for NIKE.
INFO:root:Successfully retrieve AHC's data.
INFO:root:Successfully retrieve KHC's data.
INFO:root:Successfully retrieve GL's data.
INFO:root:Insufficient data for ATUS.
INFO:root:Successfully retrieve VZ's data.
