INFO:numexpr.utils:Note: NumExpr detected 12 cores but "NUMEXPR_MAX_THREADS" not set, so enforcing safe limit of 8.
INFO:numexpr.utils:NumExpr defaulting to 8 threads.
INFO:root:Successfully retrieve MMM's data.
INFO:root:Successfully retrieve AOS's data.
INFO:root:Successfully retrieve ABT's data.
INFO:root:Successfully retrieve ABBV's data.
INFO:root:Successfully retrieve ACN's data.
INFO:root:Successfully retrieve ATVI's data.
INFO:root:Successfully retrieve AYI's data.
INFO:root:Successfully retrieve ADBE's data.
INFO:root:Successfully retrieve AAP's data.
INFO:root:Successfully retrieve AMD's data.
INFO:root:Successfully retrieve AES's data.
INFO:root:Insufficient data for AET.
INFO:root:Successfully retrieve AMG's data.
INFO:root:Successfully retrieve AFL's data.
INFO:root:Successfully retrieve A's data.
INFO:root:Successfully retrieve APD's data.
INFO:root:Successfully retrieve AKAM's data.
INFO:root:Successfully retrieve ALK's data.
INFO:root:Successfully retrieve ALB's data.
INFO:root:Successfully retrieve ARE's data.
INFO:root:Successfully retrieve ALXN's data.
INFO:root:Successfully retrieve ALGN's data.
INFO:root:Successfully retrieve ALLE's data.
INFO:root:Successfully retrieve AGN's data.
INFO:root:Successfully retrieve ADS's data.
INFO:root:Successfully retrieve LNT's data.
INFO:root:Successfully retrieve ALL's data.
INFO:root:Successfully retrieve GOOGL's data.
INFO:root:Successfully retrieve GOOG's data.
INFO:root:Successfully retrieve MO's data.
INFO:root:Successfully retrieve AMZN's data.
INFO:root:Successfully retrieve AEE's data.
INFO:root:Successfully retrieve AAL's data.
INFO:root:Successfully retrieve AEP's data.
INFO:root:Successfully retrieve AXP's data.
INFO:root:Successfully retrieve AIG's data.
INFO:root:Successfully retrieve AMT's data.
INFO:root:Successfully retrieve AWK's data.
INFO:root:Successfully retrieve AMP's data.
INFO:root:Successfully retrieve ABC's data.
INFO:root:Successfully retrieve AME's data.
INFO:root:Successfully retrieve AMGN's data.
INFO:root:Successfully retrieve APH's data.
INFO:root:Insufficient data for APC.
INFO:root:Successfully retrieve ADI's data.
INFO:root:Insufficient data for ANDV.
INFO:root:Successfully retrieve ANSS's data.
INFO:root:Successfully retrieve ANTM's data.
INFO:root:Successfully retrieve AON's data.
INFO:root:Successfully retrieve APA's data.
INFO:root:Successfully retrieve AIV's data.
INFO:root:Successfully retrieve AAPL's data.
INFO:root:Successfully retrieve AMAT's data.
INFO:root:Successfully retrieve APTV's data.
INFO:root:Successfully retrieve ADM's data.
INFO:root:Successfully retrieve ARNC's data.
INFO:root:Successfully retrieve AJG's data.
INFO:root:Successfully retrieve AIZ's data.
INFO:root:Successfully retrieve T's data.
INFO:root:Successfully retrieve ADSK's data.
INFO:root:Successfully retrieve ADP's data.
INFO:root:Successfully retrieve AZO's data.
INFO:root:Successfully retrieve AVB's data.
INFO:root:Successfully retrieve AVY's data.
INFO:root:Insufficient data for BHGE.
INFO:root:Successfully retrieve BLL's data.
INFO:root:Successfully retrieve BAC's data.
INFO:root:Successfully retrieve BAX's data.
INFO:root:Successfully retrieve BBT's data.
INFO:root:Successfully retrieve BDX's data.
INFO:root:Insufficient data for BRK.B.
INFO:root:Successfully retrieve BBY's data.
INFO:root:Successfully retrieve BIIB's data.
INFO:root:Successfully retrieve BLK's data.
INFO:root:Successfully retrieve HRB's data.
INFO:root:Successfully retrieve BA's data.
INFO:root:Successfully retrieve BKNG's data.
INFO:root:Successfully retrieve BWA's data.
INFO:root:Successfully retrieve BXP's data.
INFO:root:Successfully retrieve BSX's data.
INFO:root:Successfully retrieve BHF's data.
INFO:root:Successfully retrieve BMY's data.
INFO:root:Successfully retrieve AVGO's data.
INFO:root:Insufficient data for BF.B.
INFO:root:Successfully retrieve CHRW's data.
INFO:root:Insufficient data for CA.
INFO:root:Successfully retrieve COG's data.
INFO:root:Successfully retrieve CDNS's data.
INFO:root:Successfully retrieve CPB's data.
INFO:root:Successfully retrieve COF's data.
INFO:root:Successfully retrieve CAH's data.
INFO:root:Successfully retrieve KMX's data.
INFO:root:Successfully retrieve CCL's data.
INFO:root:Successfully retrieve CAT's data.
INFO:root:Successfully retrieve CBOE's data.
INFO:root:Successfully retrieve CBRE's data.
INFO:root:Successfully retrieve CBS's data.
INFO:root:Successfully retrieve CELG's data.
INFO:root:Successfully retrieve CNC's data.
INFO:root:Successfully retrieve CNP's data.
INFO:root:Successfully retrieve CTL's data.
INFO:root:Successfully retrieve CERN's data.
INFO:root:Successfully retrieve CF's data.
INFO:root:Successfully retrieve SCHW's data.
INFO:root:Successfully retrieve CHTR's data.
INFO:root:Successfully retrieve CVX's data.
INFO:root:Successfully retrieve CMG's data.
INFO:root:Successfully retrieve CB's data.
INFO:root:Successfully retrieve CHD's data.
INFO:root:Successfully retrieve CI's data.
INFO:root:Successfully retrieve XEC's data.
INFO:root:Successfully retrieve CINF's data.
INFO:root:Successfully retrieve CTAS's data.
INFO:root:Successfully retrieve CSCO's data.
INFO:root:Successfully retrieve C's data.
INFO:root:Insufficient data for CFG.
INFO:root:Successfully retrieve CTXS's data.
INFO:root:Successfully retrieve CME's data.
INFO:root:Successfully retrieve CMS's data.
INFO:root:Successfully retrieve KO's data.
INFO:root:Successfully retrieve CTSH's data.
INFO:root:Successfully retrieve CL's data.
INFO:root:Successfully retrieve CMCSA's data.
INFO:root:Successfully retrieve CMA's data.
INFO:root:Successfully retrieve CAG's data.
INFO:root:Successfully retrieve CXO's data.
INFO:root:Successfully retrieve COP's data.
INFO:root:Successfully retrieve ED's data.
INFO:root:Successfully retrieve STZ's data.
INFO:root:Successfully retrieve GLW's data.
INFO:root:Successfully retrieve COST's data.
INFO:root:Successfully retrieve COTY's data.
INFO:root:Successfully retrieve CCI's data.
INFO:root:Insufficient data for CSRA.
INFO:root:Successfully retrieve CSX's data.
INFO:root:Successfully retrieve CMI's data.
INFO:root:Successfully retrieve CVS's data.
INFO:root:Successfully retrieve DHI's data.
INFO:root:Successfully retrieve DHR's data.
INFO:root:Successfully retrieve DRI's data.
INFO:root:Successfully retrieve DVA's data.
INFO:root:Successfully retrieve DE's data.
INFO:root:Successfully retrieve DAL's data.
INFO:root:Successfully retrieve XRAY's data.
INFO:root:Successfully retrieve DVN's data.
INFO:root:Successfully retrieve DLR's data.
INFO:root:Successfully retrieve DFS's data.
INFO:root:Successfully retrieve DISCA's data.
INFO:root:Successfully retrieve DISCK's data.
INFO:root:Successfully retrieve DISH's data.
INFO:root:Successfully retrieve DG's data.
INFO:root:Successfully retrieve DLTR's data.
INFO:root:Successfully retrieve D's data.
INFO:root:Successfully retrieve DOV's data.
INFO:root:Insufficient data for DWDP.
INFO:root:Insufficient data for DPS.
INFO:root:Successfully retrieve DTE's data.
INFO:root:Successfully retrieve DUK's data.
INFO:root:Successfully retrieve DRE's data.
INFO:root:Successfully retrieve DXC's data.
INFO:root:Successfully retrieve ETFC's data.
INFO:root:Successfully retrieve EMN's data.
INFO:root:Successfully retrieve ETN's data.
INFO:root:Successfully retrieve EBAY's data.
INFO:root:Successfully retrieve ECL's data.
INFO:root:Successfully retrieve EIX's data.
INFO:root:Successfully retrieve EW's data.
INFO:root:Successfully retrieve EA's data.
INFO:root:Successfully retrieve EMR's data.
INFO:root:Successfully retrieve ETR's data.
INFO:root:Insufficient data for EVHC.
INFO:root:Successfully retrieve EOG's data.
INFO:root:Successfully retrieve EQT's data.
INFO:root:Successfully retrieve EFX's data.
INFO:root:Successfully retrieve EQIX's data.
INFO:root:Successfully retrieve EQR's data.
INFO:root:Successfully retrieve ESS's data.
INFO:root:Successfully retrieve EL's data.
INFO:root:Successfully retrieve RE's data.
INFO:root:Successfully retrieve ES's data.
INFO:root:Successfully retrieve EXC's data.
INFO:root:Successfully retrieve EXPE's data.
INFO:root:Successfully retrieve EXPD's data.
INFO:root:Insufficient data for ESRX.
INFO:root:Successfully retrieve EXR's data.
INFO:root:Successfully retrieve XOM's data.
INFO:root:Successfully retrieve FFIV's data.
INFO:root:Successfully retrieve FB's data.
INFO:root:Successfully retrieve FAST's data.
INFO:root:Successfully retrieve FRT's data.
INFO:root:Successfully retrieve FDX's data.
INFO:root:Successfully retrieve FIS's data.
INFO:root:Successfully retrieve FITB's data.
INFO:root:Successfully retrieve FE's data.
INFO:root:Successfully retrieve FISV's data.
INFO:root:Successfully retrieve FLIR's data.
INFO:root:Successfully retrieve FLS's data.
INFO:root:Successfully retrieve FLR's data.
INFO:root:Successfully retrieve FMC's data.
INFO:root:Successfully retrieve FL's data.
INFO:root:Successfully retrieve F's data.
INFO:root:Insufficient data for FTV.
INFO:root:Successfully retrieve FBHS's data.
INFO:root:Successfully retrieve BEN's data.
INFO:root:Successfully retrieve FCX's data.
INFO:root:Successfully retrieve GPS's data.
INFO:root:Successfully retrieve GRMN's data.
INFO:root:Successfully retrieve IT's data.
INFO:root:Successfully retrieve GD's data.
INFO:root:Successfully retrieve GE's data.
INFO:root:Insufficient data for GGP.
INFO:root:Successfully retrieve GIS's data.
INFO:root:Successfully retrieve GM's data.
INFO:root:Successfully retrieve GPC's data.
INFO:root:Successfully retrieve GILD's data.
INFO:root:Successfully retrieve GPN's data.
INFO:root:Successfully retrieve GS's data.
INFO:root:Successfully retrieve GT's data.
INFO:root:Successfully retrieve GWW's data.
INFO:root:Successfully retrieve HAL's data.
INFO:root:Successfully retrieve HBI's data.
INFO:root:Successfully retrieve HOG's data.
INFO:root:Insufficient data for HRS.
INFO:root:Successfully retrieve HIG's data.
INFO:root:Successfully retrieve HAS's data.
INFO:root:Successfully retrieve HCA's data.
INFO:root:Successfully retrieve HCP's data.
INFO:root:Successfully retrieve HP's data.
INFO:root:Successfully retrieve HSIC's data.
INFO:root:Successfully retrieve HES's data.
INFO:root:Insufficient data for HPE.
INFO:root:Successfully retrieve HLT's data.
INFO:root:Successfully retrieve HOLX's data.
INFO:root:Successfully retrieve HD's data.
INFO:root:Successfully retrieve HON's data.
INFO:root:Successfully retrieve HRL's data.
INFO:root:Successfully retrieve HST's data.
INFO:root:Successfully retrieve HPQ's data.
INFO:root:Successfully retrieve HUM's data.
INFO:root:Successfully retrieve HBAN's data.
INFO:root:Successfully retrieve HII's data.
INFO:root:Successfully retrieve IDXX's data.
INFO:root:Insufficient data for INFO.
INFO:root:Successfully retrieve ITW's data.
INFO:root:Successfully retrieve ILMN's data.
INFO:root:Successfully retrieve INCY's data.
INFO:root:Successfully retrieve IR's data.
INFO:root:Successfully retrieve INTC's data.
INFO:root:Successfully retrieve ICE's data.
INFO:root:Successfully retrieve IBM's data.
INFO:root:Successfully retrieve IP's data.
INFO:root:Successfully retrieve IPG's data.
INFO:root:Successfully retrieve IFF's data.
INFO:root:Successfully retrieve INTU's data.
INFO:root:Successfully retrieve ISRG's data.
INFO:root:Successfully retrieve IVZ's data.
INFO:root:Successfully retrieve IPGP's data.
INFO:root:Successfully retrieve IQV's data.
INFO:root:Successfully retrieve IRM's data.
INFO:root:Successfully retrieve JBHT's data.
INFO:root:Successfully retrieve JEC's data.
INFO:root:Successfully retrieve SJM's data.
INFO:root:Successfully retrieve JNJ's data.
INFO:root:Successfully retrieve JCI's data.
INFO:root:Successfully retrieve JPM's data.
INFO:root:Successfully retrieve JNPR's data.
INFO:root:Successfully retrieve KSU's data.
INFO:root:Successfully retrieve K's data.
INFO:root:Successfully retrieve KEY's data.
INFO:root:Successfully retrieve KMB's data.
INFO:root:Successfully retrieve KIM's data.
INFO:root:Successfully retrieve KMI's data.
INFO:root:Successfully retrieve KLAC's data.
INFO:root:Successfully retrieve KSS's data.
INFO:root:Insufficient data for KHC.
INFO:root:Successfully retrieve KR's data.
INFO:root:Successfully retrieve LB's data.
INFO:root:Insufficient data for LLL.
INFO:root:Successfully retrieve LH's data.
INFO:root:Successfully retrieve LRCX's data.
INFO:root:Successfully retrieve LEG's data.
INFO:root:Successfully retrieve LEN's data.
INFO:root:Insufficient data for LUK.
INFO:root:Successfully retrieve LLY's data.
INFO:root:Successfully retrieve LNC's data.
INFO:root:Successfully retrieve LKQ's data.
INFO:root:Successfully retrieve LMT's data.
INFO:root:Successfully retrieve L's data.
INFO:root:Successfully retrieve LOW's data.
INFO:root:Successfully retrieve LYB's data.
INFO:root:Successfully retrieve MTB's data.
INFO:root:Successfully retrieve MAC's data.
INFO:root:Successfully retrieve M's data.
INFO:root:Successfully retrieve MRO's data.
INFO:root:Successfully retrieve MPC's data.
INFO:root:Successfully retrieve MAR's data.
INFO:root:Successfully retrieve MMC's data.
INFO:root:Successfully retrieve MLM's data.
INFO:root:Successfully retrieve MAS's data.
INFO:root:Successfully retrieve MA's data.
INFO:root:Successfully retrieve MAT's data.
INFO:root:Successfully retrieve MKC's data.
INFO:root:Successfully retrieve MCD's data.
INFO:root:Successfully retrieve MCK's data.
INFO:root:Successfully retrieve MDT's data.
INFO:root:Successfully retrieve MRK's data.
INFO:root:Successfully retrieve MET's data.
INFO:root:Successfully retrieve MTD's data.
INFO:root:Successfully retrieve MGM's data.
INFO:root:Insufficient data for KORS.
INFO:root:Successfully retrieve MCHP's data.
INFO:root:Successfully retrieve MU's data.
INFO:root:Successfully retrieve MSFT's data.
INFO:root:Successfully retrieve MAA's data.
INFO:root:Successfully retrieve MHK's data.
INFO:root:Successfully retrieve TAP's data.
INFO:root:Successfully retrieve MDLZ's data.
INFO:root:Insufficient data for MON.
INFO:root:Successfully retrieve MNST's data.
INFO:root:Successfully retrieve MCO's data.
INFO:root:Successfully retrieve MS's data.
INFO:root:Successfully retrieve MSI's data.
INFO:root:Successfully retrieve MYL's data.
INFO:root:Successfully retrieve NDAQ's data.
INFO:root:Successfully retrieve NOV's data.
INFO:root:Insufficient data for NAVI.
INFO:root:Successfully retrieve NKTR's data.
INFO:root:Successfully retrieve NTAP's data.
INFO:root:Successfully retrieve NFLX's data.
INFO:root:Successfully retrieve NWL's data.
INFO:root:Insufficient data for NFX.
INFO:root:Successfully retrieve NEM's data.
INFO:root:Successfully retrieve NWSA's data.
INFO:root:Successfully retrieve NWS's data.
INFO:root:Successfully retrieve NEE's data.
INFO:root:Successfully retrieve NLSN's data.
INFO:root:Successfully retrieve NKE's data.
INFO:root:Successfully retrieve NI's data.
INFO:root:Successfully retrieve NBL's data.
INFO:root:Successfully retrieve JWN's data.
INFO:root:Successfully retrieve NSC's data.
INFO:root:Successfully retrieve NTRS's data.
INFO:root:Successfully retrieve NOC's data.
INFO:root:Successfully retrieve NCLH's data.
INFO:root:Successfully retrieve NRG's data.
INFO:root:Successfully retrieve NUE's data.
INFO:root:Successfully retrieve NVDA's data.
INFO:root:Successfully retrieve ORLY's data.
INFO:root:Successfully retrieve OXY's data.
INFO:root:Successfully retrieve OMC's data.
INFO:root:Successfully retrieve OKE's data.
INFO:root:Successfully retrieve ORCL's data.
INFO:root:Successfully retrieve PCAR's data.
INFO:root:Successfully retrieve PKG's data.
INFO:root:Successfully retrieve PH's data.
INFO:root:Successfully retrieve PAYX's data.
INFO:root:Insufficient data for PYPL.
INFO:root:Successfully retrieve PNR's data.
INFO:root:Successfully retrieve PBCT's data.
INFO:root:Successfully retrieve PEP's data.
INFO:root:Successfully retrieve PKI's data.
INFO:root:Successfully retrieve PRGO's data.
INFO:root:Successfully retrieve PFE's data.
INFO:root:Successfully retrieve PCG's data.
INFO:root:Successfully retrieve PM's data.
INFO:root:Successfully retrieve PSX's data.
INFO:root:Successfully retrieve PNW's data.
INFO:root:Successfully retrieve PXD's data.
INFO:root:Successfully retrieve PNC's data.
INFO:root:Successfully retrieve RL's data.
INFO:root:Successfully retrieve PPG's data.
INFO:root:Successfully retrieve PPL's data.
INFO:root:Insufficient data for PX.
INFO:root:Successfully retrieve PFG's data.
INFO:root:Successfully retrieve PG's data.
INFO:root:Successfully retrieve PGR's data.
INFO:root:Successfully retrieve PLD's data.
INFO:root:Successfully retrieve PRU's data.
INFO:root:Successfully retrieve PEG's data.
INFO:root:Successfully retrieve PSA's data.
INFO:root:Successfully retrieve PHM's data.
INFO:root:Successfully retrieve PVH's data.
INFO:root:Insufficient data for QRVO.
INFO:root:Successfully retrieve QCOM's data.
INFO:root:Successfully retrieve PWR's data.
INFO:root:Successfully retrieve DGX's data.
INFO:root:Successfully retrieve RRC's data.
INFO:root:Successfully retrieve RJF's data.
INFO:root:Successfully retrieve RTN's data.
INFO:root:Successfully retrieve O's data.
INFO:root:Insufficient data for RHT.
INFO:root:Successfully retrieve REG's data.
INFO:root:Successfully retrieve REGN's data.
INFO:root:Successfully retrieve RF's data.
INFO:root:Successfully retrieve RSG's data.
INFO:root:Successfully retrieve RMD's data.
INFO:root:Successfully retrieve RHI's data.
INFO:root:Successfully retrieve ROK's data.
INFO:root:Insufficient data for COL.
INFO:root:Successfully retrieve ROP's data.
INFO:root:Successfully retrieve ROST's data.
INFO:root:Successfully retrieve RCL's data.
INFO:root:Successfully retrieve SPGI's data.
INFO:root:Successfully retrieve CRM's data.
INFO:root:Successfully retrieve SBAC's data.
INFO:root:Insufficient data for SCG.
INFO:root:Successfully retrieve SLB's data.
INFO:root:Successfully retrieve STX's data.
INFO:root:Successfully retrieve SEE's data.
INFO:root:Successfully retrieve SRE's data.
INFO:root:Successfully retrieve SHW's data.
INFO:root:Successfully retrieve SPG's data.
INFO:root:Successfully retrieve SWKS's data.
INFO:root:Successfully retrieve SLG's data.
INFO:root:Successfully retrieve SNA's data.
INFO:root:Successfully retrieve SO's data.
INFO:root:Successfully retrieve LUV's data.
INFO:root:Successfully retrieve SWK's data.
INFO:root:Successfully retrieve SBUX's data.
INFO:root:Successfully retrieve STT's data.
INFO:root:Successfully retrieve SRCL's data.
INFO:root:Successfully retrieve SYK's data.
INFO:root:Successfully retrieve STI's data.
INFO:root:Successfully retrieve SIVB's data.
INFO:root:Successfully retrieve SYMC's data.
INFO:root:Insufficient data for SYF.
INFO:root:Successfully retrieve SNPS's data.
INFO:root:Successfully retrieve SYY's data.
INFO:root:Successfully retrieve TROW's data.
INFO:root:Successfully retrieve TTWO's data.
INFO:root:Successfully retrieve TPR's data.
INFO:root:Successfully retrieve TGT's data.
INFO:root:Successfully retrieve TEL's data.
INFO:root:Successfully retrieve FTI's data.
INFO:root:Successfully retrieve TXN's data.
INFO:root:Successfully retrieve TXT's data.
INFO:root:Successfully retrieve BK's data.
INFO:root:Successfully retrieve CLX's data.
INFO:root:Successfully retrieve COO's data.
INFO:root:Successfully retrieve HSY's data.
INFO:root:Successfully retrieve MOS's data.
INFO:root:Successfully retrieve TRV's data.
INFO:root:Successfully retrieve DIS's data.
INFO:root:Successfully retrieve TMO's data.
INFO:root:Successfully retrieve TIF's data.
INFO:root:Insufficient data for TWX.
INFO:root:Successfully retrieve TJX's data.
INFO:root:Insufficient data for TMK.
INFO:root:Insufficient data for TSS.
INFO:root:Successfully retrieve TSCO's data.
INFO:root:Successfully retrieve TDG's data.
INFO:root:Successfully retrieve TRIP's data.
INFO:root:Insufficient data for FOXA.
INFO:root:Insufficient data for FOX.
INFO:root:Successfully retrieve TSN's data.
INFO:root:Successfully retrieve USB's data.
INFO:root:Successfully retrieve UDR's data.
INFO:root:Successfully retrieve ULTA's data.
INFO:root:Successfully retrieve UAA's data.
INFO:root:Insufficient data for UA.
INFO:root:Successfully retrieve UNP's data.
INFO:root:Successfully retrieve UAL's data.
INFO:root:Successfully retrieve UNH's data.
INFO:root:Successfully retrieve UPS's data.
INFO:root:Successfully retrieve URI's data.
INFO:root:Successfully retrieve UTX's data.
INFO:root:Successfully retrieve UHS's data.
INFO:root:Successfully retrieve UNM's data.
INFO:root:Successfully retrieve VFC's data.
INFO:root:Successfully retrieve VLO's data.
INFO:root:Successfully retrieve VAR's data.
INFO:root:Successfully retrieve VTR's data.
INFO:root:Successfully retrieve VRSN's data.
INFO:root:Successfully retrieve VRSK's data.
INFO:root:Successfully retrieve VZ's data.
INFO:root:Successfully retrieve VRTX's data.
INFO:root:Successfully retrieve VIAB's data.
INFO:root:Successfully retrieve V's data.
INFO:root:Successfully retrieve VNO's data.
INFO:root:Successfully retrieve VMC's data.
INFO:root:Successfully retrieve WMT's data.
INFO:root:Successfully retrieve WBA's data.
INFO:root:Successfully retrieve WM's data.
INFO:root:Successfully retrieve WAT's data.
INFO:root:Successfully retrieve WEC's data.
INFO:root:Successfully retrieve WFC's data.
INFO:root:Successfully retrieve WELL's data.
INFO:root:Successfully retrieve WDC's data.
INFO:root:Successfully retrieve WU's data.
INFO:root:Insufficient data for WRK.
INFO:root:Successfully retrieve WY's data.
INFO:root:Successfully retrieve WHR's data.
INFO:root:Successfully retrieve WMB's data.
INFO:root:Successfully retrieve WLTW's data.
INFO:root:Insufficient data for WYN.
INFO:root:Successfully retrieve WYNN's data.
INFO:root:Successfully retrieve XEL's data.
INFO:root:Successfully retrieve XRX's data.
INFO:root:Successfully retrieve XLNX's data.
INFO:root:Insufficient data for XL.
INFO:root:Successfully retrieve XYL's data.
INFO:root:Successfully retrieve YUM's data.
INFO:root:Successfully retrieve ZBH's data.
INFO:root:Successfully retrieve ZION's data.
INFO:root:Successfully retrieve ZTS's data.
INFO:numexpr.utils:Note: NumExpr detected 12 cores but "NUMEXPR_MAX_THREADS" not set, so enforcing safe limit of 8.
INFO:numexpr.utils:NumExpr defaulting to 8 threads.
INFO:root:Successfully retrieve MMM's data.
INFO:root:Successfully retrieve AOS's data.
INFO:root:Successfully retrieve ABT's data.
INFO:root:Successfully retrieve ABBV's data.
INFO:root:Successfully retrieve ACN's data.
INFO:root:Successfully retrieve ATVI's data.
INFO:root:Successfully retrieve AYI's data.
INFO:root:Successfully retrieve ADBE's data.
INFO:root:Successfully retrieve AAP's data.
INFO:root:Successfully retrieve AMD's data.
INFO:root:Successfully retrieve AES's data.
INFO:root:Insufficient data for AET.
INFO:root:Successfully retrieve AMG's data.
INFO:root:Successfully retrieve AFL's data.
INFO:root:Successfully retrieve A's data.
INFO:root:Successfully retrieve APD's data.
INFO:root:Successfully retrieve AKAM's data.
INFO:root:Successfully retrieve ALK's data.
INFO:root:Successfully retrieve ALB's data.
INFO:root:Successfully retrieve ARE's data.
INFO:root:Successfully retrieve ALXN's data.
INFO:root:Successfully retrieve ALGN's data.
INFO:root:Successfully retrieve ALLE's data.
INFO:root:Successfully retrieve AGN's data.
INFO:root:Successfully retrieve ADS's data.
INFO:root:Successfully retrieve LNT's data.
INFO:root:Successfully retrieve ALL's data.
INFO:root:Successfully retrieve GOOGL's data.
INFO:root:Successfully retrieve GOOG's data.
INFO:root:Successfully retrieve MO's data.
INFO:root:Successfully retrieve AMZN's data.
INFO:root:Successfully retrieve AEE's data.
INFO:root:Successfully retrieve AAL's data.
INFO:root:Successfully retrieve AEP's data.
INFO:root:Successfully retrieve AXP's data.
INFO:root:Successfully retrieve AIG's data.
INFO:root:Successfully retrieve AMT's data.
INFO:root:Successfully retrieve AWK's data.
INFO:root:Successfully retrieve AMP's data.
INFO:root:Successfully retrieve ABC's data.
INFO:root:Successfully retrieve AME's data.
INFO:root:Successfully retrieve AMGN's data.
INFO:root:Successfully retrieve APH's data.
INFO:root:Insufficient data for APC.
INFO:root:Successfully retrieve ADI's data.
INFO:root:Insufficient data for ANDV.
INFO:root:Successfully retrieve ANSS's data.
INFO:root:Successfully retrieve ANTM's data.
INFO:root:Successfully retrieve AON's data.
INFO:root:Successfully retrieve APA's data.
INFO:root:Successfully retrieve AIV's data.
INFO:root:Successfully retrieve AAPL's data.
INFO:root:Successfully retrieve AMAT's data.
INFO:root:Successfully retrieve APTV's data.
INFO:root:Successfully retrieve ADM's data.
INFO:root:Successfully retrieve ARNC's data.
INFO:root:Successfully retrieve AJG's data.
INFO:root:Successfully retrieve AIZ's data.
INFO:root:Successfully retrieve T's data.
INFO:root:Successfully retrieve ADSK's data.
INFO:root:Successfully retrieve ADP's data.
INFO:root:Successfully retrieve AZO's data.
INFO:root:Successfully retrieve AVB's data.
INFO:root:Successfully retrieve AVY's data.
INFO:root:Insufficient data for BHGE.
INFO:root:Successfully retrieve BLL's data.
INFO:root:Successfully retrieve BAC's data.
INFO:root:Successfully retrieve BAX's data.
INFO:root:Successfully retrieve BBT's data.
INFO:root:Successfully retrieve BDX's data.
INFO:root:Insufficient data for BRK.B.
INFO:root:Successfully retrieve BBY's data.
INFO:root:Successfully retrieve BIIB's data.
INFO:root:Successfully retrieve BLK's data.
INFO:root:Successfully retrieve HRB's data.
INFO:root:Successfully retrieve BA's data.
INFO:root:Successfully retrieve BKNG's data.
INFO:root:Successfully retrieve BWA's data.
INFO:root:Successfully retrieve BXP's data.
INFO:root:Successfully retrieve BSX's data.
INFO:root:Successfully retrieve BHF's data.
INFO:root:Successfully retrieve BMY's data.
INFO:root:Successfully retrieve AVGO's data.
INFO:root:Insufficient data for BF.B.
INFO:root:Successfully retrieve CHRW's data.
INFO:root:Insufficient data for CA.
INFO:root:Successfully retrieve COG's data.
INFO:root:Successfully retrieve CDNS's data.
INFO:root:Successfully retrieve CPB's data.
INFO:root:Successfully retrieve COF's data.
INFO:root:Successfully retrieve CAH's data.
INFO:root:Successfully retrieve KMX's data.
INFO:root:Successfully retrieve CCL's data.
INFO:root:Successfully retrieve CAT's data.
INFO:root:Successfully retrieve CBOE's data.
INFO:root:Successfully retrieve CBRE's data.
INFO:root:Successfully retrieve CBS's data.
INFO:root:Successfully retrieve CELG's data.
INFO:root:Successfully retrieve CNC's data.
INFO:root:Successfully retrieve CNP's data.
INFO:root:Successfully retrieve CTL's data.
INFO:root:Successfully retrieve CERN's data.
INFO:root:Successfully retrieve CF's data.
INFO:root:Successfully retrieve SCHW's data.
INFO:root:Successfully retrieve CHTR's data.
INFO:root:Successfully retrieve CVX's data.
INFO:root:Successfully retrieve CMG's data.
INFO:root:Successfully retrieve CB's data.
INFO:root:Successfully retrieve CHD's data.
INFO:root:Successfully retrieve CI's data.
INFO:root:Successfully retrieve XEC's data.
INFO:root:Successfully retrieve CINF's data.
INFO:root:Successfully retrieve CTAS's data.
INFO:root:Successfully retrieve CSCO's data.
INFO:root:Successfully retrieve C's data.
INFO:root:Insufficient data for CFG.
INFO:root:Successfully retrieve CTXS's data.
INFO:root:Successfully retrieve CME's data.
INFO:root:Successfully retrieve CMS's data.
INFO:root:Successfully retrieve KO's data.
INFO:root:Successfully retrieve CTSH's data.
INFO:root:Successfully retrieve CL's data.
INFO:root:Successfully retrieve CMCSA's data.
INFO:root:Successfully retrieve CMA's data.
INFO:root:Successfully retrieve CAG's data.
INFO:root:Successfully retrieve CXO's data.
INFO:root:Successfully retrieve COP's data.
INFO:root:Successfully retrieve ED's data.
INFO:root:Successfully retrieve STZ's data.
INFO:root:Successfully retrieve GLW's data.
INFO:root:Successfully retrieve COST's data.
INFO:root:Successfully retrieve COTY's data.
INFO:root:Successfully retrieve CCI's data.
INFO:root:Insufficient data for CSRA.
INFO:root:Successfully retrieve CSX's data.
INFO:root:Successfully retrieve CMI's data.
INFO:root:Successfully retrieve CVS's data.
INFO:root:Successfully retrieve DHI's data.
INFO:root:Successfully retrieve DHR's data.
INFO:root:Successfully retrieve DRI's data.
INFO:root:Successfully retrieve DVA's data.
INFO:root:Successfully retrieve DE's data.
INFO:root:Successfully retrieve DAL's data.
INFO:root:Successfully retrieve XRAY's data.
INFO:root:Successfully retrieve DVN's data.
INFO:root:Successfully retrieve DLR's data.
INFO:root:Successfully retrieve DFS's data.
INFO:root:Successfully retrieve DISCA's data.
INFO:root:Successfully retrieve DISCK's data.
INFO:root:Successfully retrieve DISH's data.
INFO:root:Successfully retrieve DG's data.
INFO:root:Successfully retrieve DLTR's data.
INFO:root:Successfully retrieve D's data.
INFO:root:Successfully retrieve DOV's data.
INFO:root:Insufficient data for DWDP.
INFO:root:Insufficient data for DPS.
INFO:root:Successfully retrieve DTE's data.
INFO:root:Successfully retrieve DUK's data.
INFO:root:Successfully retrieve DRE's data.
INFO:root:Successfully retrieve DXC's data.
INFO:root:Successfully retrieve ETFC's data.
INFO:root:Successfully retrieve EMN's data.
INFO:root:Successfully retrieve ETN's data.
INFO:root:Successfully retrieve EBAY's data.
INFO:root:Successfully retrieve ECL's data.
INFO:root:Successfully retrieve EIX's data.
INFO:root:Successfully retrieve EW's data.
INFO:root:Successfully retrieve EA's data.
INFO:root:Successfully retrieve EMR's data.
INFO:root:Successfully retrieve ETR's data.
INFO:root:Insufficient data for EVHC.
INFO:root:Successfully retrieve EOG's data.
INFO:root:Successfully retrieve EQT's data.
INFO:root:Successfully retrieve EFX's data.
INFO:root:Successfully retrieve EQIX's data.
INFO:root:Successfully retrieve EQR's data.
INFO:root:Successfully retrieve ESS's data.
INFO:root:Successfully retrieve EL's data.
INFO:root:Successfully retrieve RE's data.
INFO:root:Successfully retrieve ES's data.
INFO:root:Successfully retrieve EXC's data.
INFO:root:Successfully retrieve EXPE's data.
INFO:root:Successfully retrieve EXPD's data.
INFO:root:Insufficient data for ESRX.
INFO:root:Successfully retrieve EXR's data.
INFO:root:Successfully retrieve XOM's data.
INFO:root:Successfully retrieve FFIV's data.
INFO:root:Successfully retrieve FB's data.
INFO:root:Successfully retrieve FAST's data.
INFO:root:Successfully retrieve FRT's data.
INFO:root:Successfully retrieve FDX's data.
INFO:root:Successfully retrieve FIS's data.
INFO:root:Successfully retrieve FITB's data.
INFO:root:Successfully retrieve FE's data.
INFO:root:Successfully retrieve FISV's data.
INFO:root:Successfully retrieve FLIR's data.
INFO:root:Successfully retrieve FLS's data.
INFO:root:Successfully retrieve FLR's data.
INFO:root:Successfully retrieve FMC's data.
INFO:root:Successfully retrieve FL's data.
INFO:root:Successfully retrieve F's data.
INFO:root:Insufficient data for FTV.
INFO:root:Successfully retrieve FBHS's data.
INFO:root:Successfully retrieve BEN's data.
INFO:root:Successfully retrieve FCX's data.
INFO:root:Successfully retrieve GPS's data.
INFO:root:Successfully retrieve GRMN's data.
INFO:root:Successfully retrieve IT's data.
INFO:root:Successfully retrieve GD's data.
INFO:root:Successfully retrieve GE's data.
INFO:root:Insufficient data for GGP.
INFO:root:Successfully retrieve GIS's data.
INFO:root:Successfully retrieve GM's data.
INFO:root:Successfully retrieve GPC's data.
INFO:root:Successfully retrieve GILD's data.
INFO:root:Successfully retrieve GPN's data.
INFO:root:Successfully retrieve GS's data.
INFO:root:Successfully retrieve GT's data.
INFO:root:Successfully retrieve GWW's data.
INFO:root:Successfully retrieve HAL's data.
INFO:root:Successfully retrieve HBI's data.
INFO:root:Successfully retrieve HOG's data.
INFO:root:Insufficient data for HRS.
INFO:root:Successfully retrieve HIG's data.
INFO:root:Successfully retrieve HAS's data.
INFO:root:Successfully retrieve HCA's data.
INFO:root:Successfully retrieve HCP's data.
INFO:root:Successfully retrieve HP's data.
INFO:root:Successfully retrieve HSIC's data.
INFO:root:Successfully retrieve HES's data.
INFO:root:Insufficient data for HPE.
INFO:root:Successfully retrieve HLT's data.
INFO:root:Successfully retrieve HOLX's data.
INFO:root:Successfully retrieve HD's data.
INFO:root:Successfully retrieve HON's data.
INFO:root:Successfully retrieve HRL's data.
INFO:root:Successfully retrieve HST's data.
INFO:root:Successfully retrieve HPQ's data.
INFO:root:Successfully retrieve HUM's data.
INFO:root:Successfully retrieve HBAN's data.
INFO:root:Successfully retrieve HII's data.
INFO:root:Successfully retrieve IDXX's data.
INFO:root:Insufficient data for INFO.
INFO:root:Successfully retrieve ITW's data.
INFO:root:Successfully retrieve ILMN's data.
INFO:root:Successfully retrieve INCY's data.
INFO:root:Successfully retrieve IR's data.
INFO:root:Successfully retrieve INTC's data.
INFO:root:Successfully retrieve ICE's data.
INFO:root:Successfully retrieve IBM's data.
INFO:root:Successfully retrieve IP's data.
INFO:root:Successfully retrieve IPG's data.
INFO:root:Successfully retrieve IFF's data.
INFO:root:Successfully retrieve INTU's data.
INFO:root:Successfully retrieve ISRG's data.
INFO:root:Successfully retrieve IVZ's data.
INFO:root:Successfully retrieve IPGP's data.
INFO:root:Successfully retrieve IQV's data.
INFO:root:Successfully retrieve IRM's data.
INFO:root:Successfully retrieve JBHT's data.
INFO:root:Successfully retrieve JEC's data.
INFO:root:Successfully retrieve SJM's data.
INFO:root:Successfully retrieve JNJ's data.
INFO:root:Successfully retrieve JCI's data.
INFO:root:Successfully retrieve JPM's data.
INFO:root:Successfully retrieve JNPR's data.
INFO:root:Successfully retrieve KSU's data.
INFO:root:Successfully retrieve K's data.
INFO:root:Successfully retrieve KEY's data.
INFO:root:Successfully retrieve KMB's data.
INFO:root:Successfully retrieve KIM's data.
INFO:root:Successfully retrieve KMI's data.
INFO:root:Successfully retrieve KLAC's data.
INFO:root:Successfully retrieve KSS's data.
INFO:root:Insufficient data for KHC.
INFO:root:Successfully retrieve KR's data.
INFO:root:Successfully retrieve LB's data.
INFO:root:Insufficient data for LLL.
INFO:root:Successfully retrieve LH's data.
INFO:root:Successfully retrieve LRCX's data.
INFO:root:Successfully retrieve LEG's data.
INFO:root:Successfully retrieve LEN's data.
INFO:root:Insufficient data for LUK.
INFO:root:Successfully retrieve LLY's data.
INFO:root:Successfully retrieve LNC's data.
INFO:root:Successfully retrieve LKQ's data.
INFO:root:Successfully retrieve LMT's data.
INFO:root:Successfully retrieve L's data.
INFO:root:Successfully retrieve LOW's data.
INFO:root:Successfully retrieve LYB's data.
INFO:root:Successfully retrieve MTB's data.
INFO:root:Successfully retrieve MAC's data.
INFO:root:Successfully retrieve M's data.
INFO:root:Successfully retrieve MRO's data.
INFO:root:Successfully retrieve MPC's data.
INFO:root:Successfully retrieve MAR's data.
INFO:root:Successfully retrieve MMC's data.
INFO:root:Successfully retrieve MLM's data.
INFO:root:Successfully retrieve MAS's data.
INFO:root:Successfully retrieve MA's data.
INFO:root:Successfully retrieve MAT's data.
INFO:root:Successfully retrieve MKC's data.
INFO:root:Successfully retrieve MCD's data.
INFO:root:Successfully retrieve MCK's data.
INFO:root:Successfully retrieve MDT's data.
INFO:root:Successfully retrieve MRK's data.
INFO:root:Successfully retrieve MET's data.
INFO:root:Successfully retrieve MTD's data.
INFO:root:Successfully retrieve MGM's data.
INFO:root:Insufficient data for KORS.
INFO:root:Successfully retrieve MCHP's data.
INFO:root:Successfully retrieve MU's data.
INFO:root:Successfully retrieve MSFT's data.
INFO:root:Successfully retrieve MAA's data.
INFO:root:Successfully retrieve MHK's data.
INFO:root:Successfully retrieve TAP's data.
INFO:root:Successfully retrieve MDLZ's data.
INFO:root:Insufficient data for MON.
INFO:root:Successfully retrieve MNST's data.
INFO:root:Successfully retrieve MCO's data.
INFO:root:Successfully retrieve MS's data.
INFO:root:Successfully retrieve MSI's data.
INFO:root:Successfully retrieve MYL's data.
INFO:root:Successfully retrieve NDAQ's data.
INFO:root:Successfully retrieve NOV's data.
INFO:root:Insufficient data for NAVI.
INFO:root:Successfully retrieve NKTR's data.
INFO:root:Successfully retrieve NTAP's data.
INFO:root:Successfully retrieve NFLX's data.
INFO:root:Successfully retrieve NWL's data.
INFO:root:Insufficient data for NFX.
INFO:root:Successfully retrieve NEM's data.
INFO:root:Successfully retrieve NWSA's data.
INFO:root:Successfully retrieve NWS's data.
INFO:root:Successfully retrieve NEE's data.
INFO:root:Successfully retrieve NLSN's data.
INFO:root:Successfully retrieve NKE's data.
INFO:root:Successfully retrieve NI's data.
INFO:root:Successfully retrieve NBL's data.
INFO:root:Successfully retrieve JWN's data.
INFO:root:Successfully retrieve NSC's data.
INFO:root:Successfully retrieve NTRS's data.
INFO:root:Successfully retrieve NOC's data.
INFO:root:Successfully retrieve NCLH's data.
INFO:root:Successfully retrieve NRG's data.
INFO:root:Successfully retrieve NUE's data.
INFO:root:Successfully retrieve NVDA's data.
INFO:root:Successfully retrieve ORLY's data.
INFO:root:Successfully retrieve OXY's data.
INFO:root:Successfully retrieve OMC's data.
INFO:root:Successfully retrieve OKE's data.
INFO:root:Successfully retrieve ORCL's data.
INFO:root:Successfully retrieve PCAR's data.
INFO:root:Successfully retrieve PKG's data.
INFO:root:Successfully retrieve PH's data.
INFO:root:Successfully retrieve PAYX's data.
INFO:root:Insufficient data for PYPL.
INFO:root:Successfully retrieve PNR's data.
INFO:root:Successfully retrieve PBCT's data.
INFO:root:Successfully retrieve PEP's data.
INFO:root:Successfully retrieve PKI's data.
INFO:root:Successfully retrieve PRGO's data.
INFO:root:Successfully retrieve PFE's data.
INFO:root:Successfully retrieve PCG's data.
INFO:root:Successfully retrieve PM's data.
INFO:root:Successfully retrieve PSX's data.
INFO:root:Successfully retrieve PNW's data.
INFO:root:Successfully retrieve PXD's data.
INFO:root:Successfully retrieve PNC's data.
INFO:root:Successfully retrieve RL's data.
INFO:root:Successfully retrieve PPG's data.
INFO:root:Successfully retrieve PPL's data.
INFO:root:Insufficient data for PX.
INFO:root:Successfully retrieve PFG's data.
INFO:root:Successfully retrieve PG's data.
INFO:root:Successfully retrieve PGR's data.
INFO:root:Successfully retrieve PLD's data.
INFO:root:Successfully retrieve PRU's data.
INFO:root:Successfully retrieve PEG's data.
INFO:root:Successfully retrieve PSA's data.
INFO:root:Successfully retrieve PHM's data.
INFO:root:Successfully retrieve PVH's data.
INFO:root:Insufficient data for QRVO.
INFO:root:Successfully retrieve QCOM's data.
INFO:root:Successfully retrieve PWR's data.
INFO:root:Successfully retrieve DGX's data.
INFO:root:Successfully retrieve RRC's data.
INFO:root:Successfully retrieve RJF's data.
INFO:root:Successfully retrieve RTN's data.
INFO:root:Successfully retrieve O's data.
INFO:root:Insufficient data for RHT.
INFO:root:Successfully retrieve REG's data.
INFO:root:Successfully retrieve REGN's data.
INFO:root:Successfully retrieve RF's data.
INFO:root:Successfully retrieve RSG's data.
INFO:root:Successfully retrieve RMD's data.
INFO:root:Successfully retrieve RHI's data.
INFO:root:Successfully retrieve ROK's data.
INFO:root:Insufficient data for COL.
INFO:root:Successfully retrieve ROP's data.
INFO:root:Successfully retrieve ROST's data.
INFO:root:Successfully retrieve RCL's data.
INFO:root:Successfully retrieve SPGI's data.
INFO:root:Successfully retrieve CRM's data.
INFO:root:Successfully retrieve SBAC's data.
INFO:root:Insufficient data for SCG.
INFO:root:Successfully retrieve SLB's data.
INFO:root:Successfully retrieve STX's data.
INFO:root:Successfully retrieve SEE's data.
INFO:root:Successfully retrieve SRE's data.
INFO:root:Successfully retrieve SHW's data.
INFO:root:Successfully retrieve SPG's data.
INFO:root:Successfully retrieve SWKS's data.
INFO:root:Successfully retrieve SLG's data.
INFO:root:Successfully retrieve SNA's data.
INFO:root:Successfully retrieve SO's data.
INFO:root:Successfully retrieve LUV's data.
INFO:root:Successfully retrieve SWK's data.
INFO:root:Successfully retrieve SBUX's data.
INFO:root:Successfully retrieve STT's data.
INFO:root:Successfully retrieve SRCL's data.
INFO:root:Successfully retrieve SYK's data.
INFO:root:Successfully retrieve STI's data.
INFO:root:Successfully retrieve SIVB's data.
INFO:root:Successfully retrieve SYMC's data.
INFO:root:Insufficient data for SYF.
INFO:root:Successfully retrieve SNPS's data.
INFO:root:Successfully retrieve SYY's data.
INFO:root:Successfully retrieve TROW's data.
INFO:root:Successfully retrieve TTWO's data.
INFO:root:Successfully retrieve TPR's data.
INFO:root:Successfully retrieve TGT's data.
INFO:root:Successfully retrieve TEL's data.
INFO:root:Successfully retrieve FTI's data.
INFO:root:Successfully retrieve TXN's data.
INFO:root:Successfully retrieve TXT's data.
INFO:root:Successfully retrieve BK's data.
INFO:root:Successfully retrieve CLX's data.
INFO:root:Successfully retrieve COO's data.
INFO:root:Successfully retrieve HSY's data.
INFO:root:Successfully retrieve MOS's data.
INFO:root:Successfully retrieve TRV's data.
INFO:root:Successfully retrieve DIS's data.
INFO:root:Successfully retrieve TMO's data.
INFO:root:Successfully retrieve TIF's data.
INFO:root:Insufficient data for TWX.
INFO:root:Successfully retrieve TJX's data.
INFO:root:Insufficient data for TMK.
INFO:root:Insufficient data for TSS.
INFO:root:Successfully retrieve TSCO's data.
INFO:root:Successfully retrieve TDG's data.
INFO:root:Successfully retrieve TRIP's data.
INFO:root:Insufficient data for FOXA.
INFO:root:Insufficient data for FOX.
INFO:root:Successfully retrieve TSN's data.
INFO:root:Successfully retrieve USB's data.
INFO:root:Successfully retrieve UDR's data.
INFO:root:Successfully retrieve ULTA's data.
INFO:root:Successfully retrieve UAA's data.
INFO:root:Insufficient data for UA.
INFO:root:Successfully retrieve UNP's data.
INFO:root:Successfully retrieve UAL's data.
INFO:root:Successfully retrieve UNH's data.
INFO:root:Successfully retrieve UPS's data.
INFO:root:Successfully retrieve URI's data.
INFO:root:Successfully retrieve UTX's data.
INFO:root:Successfully retrieve UHS's data.
INFO:root:Successfully retrieve UNM's data.
INFO:root:Successfully retrieve VFC's data.
INFO:root:Successfully retrieve VLO's data.
INFO:root:Successfully retrieve VAR's data.
INFO:root:Successfully retrieve VTR's data.
INFO:root:Successfully retrieve VRSN's data.
INFO:root:Successfully retrieve VRSK's data.
INFO:root:Successfully retrieve VZ's data.
INFO:root:Successfully retrieve VRTX's data.
INFO:root:Successfully retrieve VIAB's data.
INFO:root:Successfully retrieve V's data.
INFO:root:Successfully retrieve VNO's data.
INFO:root:Successfully retrieve VMC's data.
INFO:root:Successfully retrieve WMT's data.
INFO:root:Successfully retrieve WBA's data.
INFO:root:Successfully retrieve WM's data.
INFO:root:Successfully retrieve WAT's data.
INFO:root:Successfully retrieve WEC's data.
INFO:root:Successfully retrieve WFC's data.
INFO:root:Successfully retrieve WELL's data.
INFO:root:Successfully retrieve WDC's data.
INFO:root:Successfully retrieve WU's data.
INFO:root:Insufficient data for WRK.
INFO:root:Successfully retrieve WY's data.
INFO:root:Successfully retrieve WHR's data.
INFO:root:Successfully retrieve WMB's data.
INFO:root:Successfully retrieve WLTW's data.
INFO:root:Insufficient data for WYN.
INFO:root:Successfully retrieve WYNN's data.
INFO:root:Successfully retrieve XEL's data.
INFO:root:Successfully retrieve XRX's data.
INFO:root:Successfully retrieve XLNX's data.
INFO:root:Insufficient data for XL.
INFO:root:Successfully retrieve XYL's data.
INFO:root:Successfully retrieve YUM's data.
INFO:root:Successfully retrieve ZBH's data.
INFO:root:Successfully retrieve ZION's data.
INFO:root:Successfully retrieve ZTS's data.
INFO:root:These tickers are dropped due to non-consecutive data series: ['BBT', 'BHF', 'CBS', 'CELG', 'HCP', 'JEC', 'STI', 'SYMC', 'VIAB']
