INFO:root:Insufficient data for PSG.
INFO:numexpr.utils:NumExpr defaulting to 8 threads.
INFO:numexpr.utils:NumExpr defaulting to 8 threads.
INFO:numexpr.utils:NumExpr defaulting to 8 threads.
INFO:root:Successfully retrieve DNR's data.
INFO:root:Successfully retrieve NKE's data.
INFO:root:Successfully retrieve CCL's data.
INFO:root:Insufficient data for CFIP.
INFO:root:Successfully retrieve ORCL's data.
INFO:root:Successfully retrieve DDS's data.
INFO:root:Successfully retrieve TGNA's data.
INFO:root:Successfully retrieve RIG's data.
INFO:root:Successfully retrieve ALL's data.
INFO:root:Successfully retrieve IPG's data.
INFO:root:Successfully retrieve S's data.
INFO:root:Insufficient data for HFSB.
INFO:root:Successfully retrieve NWSA's data.
INFO:root:Successfully retrieve M's data.
INFO:root:Insufficient data for CUCD.
INFO:root:Insufficient data for ACT.
INFO:root:Insufficient data for WYN.
INFO:root:Successfully retrieve LLY's data.
INFO:root:Successfully retrieve GME's data.
INFO:root:Successfully retrieve CMCSA's data.
INFO:root:Successfully retrieve MTG's data.
INFO:root:Successfully retrieve NAVI's data.
INFO:root:Successfully retrieve IRM's data.
INFO:root:Successfully retrieve SHW's data.
INFO:root:Successfully retrieve COL's data.
INFO:root:Successfully retrieve WY's data.
INFO:root:Successfully retrieve SEQ's data.
INFO:root:Successfully retrieve EOG's data.
INFO:root:Successfully retrieve SRCL's data.
INFO:root:Successfully retrieve STA's data.
INFO:root:Insufficient data for TMPW.
INFO:root:Insufficient data for BTU.
INFO:root:Insufficient data for IACI.
INFO:root:Successfully retrieve CI's data.
INFO:root:Successfully retrieve PLU's data.
INFO:root:Successfully retrieve NBL's data.
INFO:root:Successfully retrieve NAV's data.
INFO:root:Successfully retrieve CSC's data.
INFO:root:Successfully retrieve LTR's data.
INFO:root:Successfully retrieve WTR's data.
INFO:root:Successfully retrieve DHR's data.
INFO:root:Insufficient data for CBRNA.
INFO:root:Insufficient data for GFR.
INFO:root:Successfully retrieve PSX's data.
INFO:root:Successfully retrieve EBAY's data.
INFO:root:Successfully retrieve ED's data.
INFO:root:Successfully retrieve SRL's data.
INFO:root:Successfully retrieve NCR's data.
INFO:root:Successfully retrieve NTAP's data.
INFO:root:Successfully retrieve SPK's data.
INFO:root:Successfully retrieve OEC's data.
INFO:root:Successfully retrieve CDG's data.
INFO:root:Insufficient data for ABI.
INFO:root:Successfully retrieve AON's data.
INFO:root:Successfully retrieve SWK's data.
INFO:root:Insufficient data for SGIB.
INFO:root:Successfully retrieve DAN's data.
INFO:root:Successfully retrieve MRO's data.
INFO:root:Successfully retrieve CCEP's data.
INFO:root:Successfully retrieve KMX's data.
INFO:root:Successfully retrieve NSP's data.
INFO:root:Successfully retrieve VLO's data.
INFO:root:Successfully retrieve PNR's data.
INFO:root:Insufficient data for MWP.
INFO:root:Insufficient data for BUTL.
INFO:root:Insufficient data for DNY.
INFO:root:Successfully retrieve CSCO's data.
INFO:root:Insufficient data for CHHC.
INFO:root:Successfully retrieve GOOGL's data.
INFO:root:Successfully retrieve SPGI's data.
INFO:root:Successfully retrieve NOB's data.
INFO:root:Successfully retrieve MPC's data.
INFO:root:Successfully retrieve MHP's data.
INFO:root:Successfully retrieve EIX's data.
INFO:root:Successfully retrieve RHI's data.
INFO:root:Successfully retrieve NVCR's data.
INFO:root:Successfully retrieve SAI's data.
INFO:root:Successfully retrieve PRU's data.
INFO:root:Insufficient data for SHRE.
INFO:root:Insufficient data for NU.
INFO:root:Successfully retrieve IAC's data.
INFO:root:Successfully retrieve SANM's data.
INFO:root:Successfully retrieve LMT's data.
INFO:root:Successfully retrieve AZO's data.
INFO:root:Successfully retrieve CRM's data.
INFO:root:Successfully retrieve QEP's data.
INFO:root:Successfully retrieve OKE's data.
INFO:root:Successfully retrieve CHRW's data.
INFO:root:Insufficient data for CTA.
INFO:root:Successfully retrieve CMA's data.
INFO:root:Successfully retrieve DD's data.
INFO:root:Successfully retrieve L's data.
INFO:root:Successfully retrieve CF's data.
INFO:root:Insufficient data for GGP.
INFO:root:Insufficient data for COH.
INFO:root:Successfully retrieve A's data.
INFO:root:Successfully retrieve CHK's data.
INFO:root:Successfully retrieve IFF's data.
INFO:root:Insufficient data for BPR.
