INFO:numexpr.utils:NumExpr defaulting to 8 threads.
INFO:numexpr.utils:NumExpr defaulting to 8 threads.
INFO:root:Insufficient data for DNY.
INFO:numexpr.utils:NumExpr defaulting to 8 threads.
INFO:root:Successfully retrieve DISCB's data.
INFO:root:Insufficient data for DENRF.
INFO:root:Successfully retrieve GOOGL's data.
INFO:root:Successfully retrieve MNK's data.
INFO:root:Successfully retrieve SANM's data.
INFO:root:Successfully retrieve AKAM's data.
INFO:root:Successfully retrieve CRM's data.
INFO:root:Successfully retrieve RHI's data.
INFO:root:Successfully retrieve NVCR's data.
INFO:root:Successfully retrieve CHRW's data.
INFO:root:Insufficient data for CTA.
INFO:root:Successfully retrieve SAI's data.
INFO:root:Successfully retrieve APH's data.
INFO:root:Insufficient data for RHT.
INFO:root:Successfully retrieve BKNG's data.
INFO:root:Insufficient data for OMCM.
INFO:root:Successfully retrieve L's data.
INFO:root:Successfully retrieve LMT's data.
INFO:root:Successfully retrieve LNC's data.
INFO:root:Successfully retrieve IFF's data.
INFO:root:Insufficient data for BPR.
INFO:root:Successfully retrieve OKE's data.
INFO:root:Successfully retrieve CAG's data.
INFO:root:Insufficient data for FTEN.
INFO:root:Insufficient data for ZY.
INFO:root:Insufficient data for ATTW.
